#
# There is insufficient memory for the Java Runtime Environment to continue.
# Native memory allocation (mmap) failed to map 67108864 bytes for G1 virtual space
# Possible reasons:
#   The system is out of physical RAM or swap space
#   The process is running with CompressedOops enabled, and the Java Heap may be blocking the growth of the native heap
# Possible solutions:
#   Reduce memory load on the system
#   Increase physical memory or swap space
#   Check if swap backing store is full
#   Decrease Java heap size (-Xmx/-Xms)
#   Decrease number of Java threads
#   Decrease Java thread stack sizes (-Xss)
#   Set larger code cache with -XX:ReservedCodeCacheSize=
#   JVM is running with Unscaled Compressed Oops mode in which the Java heap is
#     placed in the first 4GB address space. The Java Heap base address is the
#     maximum limit for the native heap growth. Please use -XX:HeapBaseMinAddress
#     to set the Java Heap base and to place the Java Heap above 4GB virtual address.
# This output file may be truncated or incomplete.
#
#  Out of Memory Error (os_windows.cpp:3551), pid=18356, tid=32572
#
# JRE version:  (17.0.15+9) (build )
# Java VM: Java HotSpot(TM) 64-Bit Server VM (17.0.15+9-LTS-241, mixed mode, sharing, tiered, compressed oops, compressed class ptrs, g1 gc, windows-amd64)
# No core dump will be written. Minidumps are not enabled by default on client versions of Windows
#

---------------  S U M M A R Y ------------

Command Line: -Xmx64m -Xms64m -Dorg.gradle.appname=gradlew org.gradle.wrapper.GradleWrapperMain app:installDebug -PreactNativeDevServerPort=8081

Host: 12th Gen Intel(R) Core(TM) i5-1240P, 16 cores, 15G,  Windows 11 , 64 bit Build 22621 (10.0.22621.5262)
Time: Mon Jul 14 19:03:41 2025  Windows 11 , 64 bit Build 22621 (10.0.22621.5262) elapsed time: 0.035855 seconds (0d 0h 0m 0s)

---------------  T H R E A D  ---------------

Current thread (0x000001759cf879c0):  JavaThread "Unknown thread" [_thread_in_vm, id=32572, stack(0x0000005443b00000,0x0000005443c00000)]

Stack: [0x0000005443b00000,0x0000005443c00000]
Native frames: (J=compiled Java code, j=interpreted, Vv=VM code, C=native code)
V  [jvm.dll+0x67a46a]
V  [jvm.dll+0x7da6ad]
V  [jvm.dll+0x7dbff3]
V  [jvm.dll+0x7dc663]
V  [jvm.dll+0x24523f]
V  [jvm.dll+0x677499]
V  [jvm.dll+0x66c122]
V  [jvm.dll+0x302156]
V  [jvm.dll+0x3096f6]
V  [jvm.dll+0x35a04e]
V  [jvm.dll+0x35a27f]
V  [jvm.dll+0x2d9228]
V  [jvm.dll+0x2da194]
V  [jvm.dll+0x7ace91]
V  [jvm.dll+0x3678b1]
V  [jvm.dll+0x78be69]
V  [jvm.dll+0x3ecc6e]
V  [jvm.dll+0x3ee8a1]
C  [jli.dll+0x5297]
C  [ucrtbase.dll+0x29333]
C  [KERNEL32.DLL+0x1259d]
C  [ntdll.dll+0x5af58]


---------------  P R O C E S S  ---------------

Threads class SMR info:
_java_thread_list=0x00007ffc3e568a18, length=0, elements={
}

Java Threads: ( => current thread )

Other Threads:
  0x000001759cfa8e30 GCTaskThread "GC Thread#0" [stack: 0x0000005443c00000,0x0000005443d00000] [id=35268]
  0x000001759cfaa580 ConcurrentGCThread "G1 Main Marker" [stack: 0x0000005443d00000,0x0000005443e00000] [id=27136]
  0x000001759cfabfa0 ConcurrentGCThread "G1 Conc#0" [stack: 0x0000005443e00000,0x0000005443f00000] [id=9400]

[error occurred during error reporting (printing all threads), id 0xc0000005, EXCEPTION_ACCESS_VIOLATION (0xc0000005) at pc=0x00007ffc3dd99d17]

VM state: not at safepoint (not fully initialized)

VM Mutex/Monitor currently owned by a thread:  ([mutex/lock_event])
[0x000001759cf83860] Heap_lock - owner thread: 0x000001759cf879c0

Heap address: 0x00000000fc000000, size: 64 MB, Compressed Oops mode: 32-bit

CDS archive(s) mapped at: [0x0000000000000000-0x0000000000000000-0x0000000000000000), size 0, SharedBaseAddress: 0x0000000800000000, ArchiveRelocationMode: 1.
Narrow klass base: 0x0000000000000000, Narrow klass shift: 0, Narrow klass range: 0x0

GC Precious Log:
<Empty>

Heap:
 garbage-first heap   total 0K, used 0K [0x00000000fc000000, 0x0000000100000000)
  region size 1024K, 0 young (0K), 0 survivors (0K)

[error occurred during error reporting (printing heap information), id 0xc0000005, EXCEPTION_ACCESS_VIOLATION (0xc0000005) at pc=0x00007ffc3e183c09]

GC Heap History (0 events):
No events

Deoptimization events (0 events):
No events

Classes unloaded (0 events):
No events

Classes redefined (0 events):
No events

Internal exceptions (0 events):
No events

VM Operations (0 events):
No events

Events (1 events):
Event: 0.014 Loaded shared library C:\Program Files\Java\jdk-17\bin\java.dll


Dynamic libraries:
0x00007ff7e5b10000 - 0x00007ff7e5b20000 	C:\Program Files\Java\jdk-17\bin\java.exe
0x00007ffd15170000 - 0x00007ffd15387000 	C:\WINDOWS\SYSTEM32\ntdll.dll
0x00007ffd130a0000 - 0x00007ffd13164000 	C:\WINDOWS\System32\KERNEL32.DLL
0x00007ffd12a20000 - 0x00007ffd12df3000 	C:\WINDOWS\System32\KERNELBASE.dll
0x00007ffd12730000 - 0x00007ffd12841000 	C:\WINDOWS\System32\ucrtbase.dll
0x00007ffced3a0000 - 0x00007ffced3bb000 	C:\Program Files\Java\jdk-17\bin\VCRUNTIME140.dll
0x00007ffced780000 - 0x00007ffced799000 	C:\Program Files\Java\jdk-17\bin\jli.dll
0x00007ffd14870000 - 0x00007ffd14921000 	C:\WINDOWS\System32\ADVAPI32.dll
0x00007ffd136d0000 - 0x00007ffd13777000 	C:\WINDOWS\System32\msvcrt.dll
0x00007ffd14740000 - 0x00007ffd147e7000 	C:\WINDOWS\System32\sechost.dll
0x00007ffd12850000 - 0x00007ffd12878000 	C:\WINDOWS\System32\bcrypt.dll
0x00007ffd14210000 - 0x00007ffd14324000 	C:\WINDOWS\System32\RPCRT4.dll
0x00007ffd13780000 - 0x00007ffd13931000 	C:\WINDOWS\System32\USER32.dll
0x00007ffd12450000 - 0x00007ffd12476000 	C:\WINDOWS\System32\win32u.dll
0x00007ffd13940000 - 0x00007ffd13969000 	C:\WINDOWS\System32\GDI32.dll
0x00007ffd12320000 - 0x00007ffd12442000 	C:\WINDOWS\System32\gdi32full.dll
0x00007ffd12900000 - 0x00007ffd1299a000 	C:\WINDOWS\System32\msvcp_win.dll
0x00007ffcf2f20000 - 0x00007ffcf31bb000 	C:\WINDOWS\WinSxS\amd64_microsoft.windows.common-controls_6595b64144ccf1df_6.0.22621.5262_none_2712bde373830908\COMCTL32.dll
0x00007ffd09840000 - 0x00007ffd0984a000 	C:\WINDOWS\SYSTEM32\VERSION.dll
0x00007ffd149a0000 - 0x00007ffd149d1000 	C:\WINDOWS\System32\IMM32.DLL
0x00007ffcf61c0000 - 0x00007ffcf61cc000 	C:\Program Files\Java\jdk-17\bin\vcruntime140_1.dll
0x00007ffcd3fc0000 - 0x00007ffcd404e000 	C:\Program Files\Java\jdk-17\bin\msvcp140.dll
0x00007ffc3dab0000 - 0x00007ffc3e691000 	C:\Program Files\Java\jdk-17\bin\server\jvm.dll
0x00007ffd146e0000 - 0x00007ffd146e8000 	C:\WINDOWS\System32\PSAPI.DLL
0x00007ffcf5fb0000 - 0x00007ffcf5fb9000 	C:\WINDOWS\SYSTEM32\WSOCK32.dll
0x00007ffd14480000 - 0x00007ffd144f1000 	C:\WINDOWS\System32\WS2_32.dll
0x00007ffd0bba0000 - 0x00007ffd0bbd4000 	C:\WINDOWS\SYSTEM32\WINMM.dll
0x00007ffd11360000 - 0x00007ffd11378000 	C:\WINDOWS\SYSTEM32\kernel.appcore.dll
0x00007ffcf5890000 - 0x00007ffcf589a000 	C:\Program Files\Java\jdk-17\bin\jimage.dll
0x00007ffd0fb80000 - 0x00007ffd0fdb2000 	C:\WINDOWS\SYSTEM32\DBGHELP.DLL
0x00007ffd14d00000 - 0x00007ffd15093000 	C:\WINDOWS\System32\combase.dll
0x00007ffd135f0000 - 0x00007ffd136c7000 	C:\WINDOWS\System32\OLEAUT32.dll
0x00007ffd08c50000 - 0x00007ffd08c82000 	C:\WINDOWS\SYSTEM32\dbgcore.DLL
0x00007ffd129a0000 - 0x00007ffd12a1b000 	C:\WINDOWS\System32\bcryptPrimitives.dll
0x00007ffcf6090000 - 0x00007ffcf60b5000 	C:\Program Files\Java\jdk-17\bin\java.dll

dbghelp: loaded successfully - version: 4.0.5 - missing functions: none
symbol engine: initialized successfully - sym options: 0x614 - pdb path: .;C:\Program Files\Java\jdk-17\bin;C:\WINDOWS\SYSTEM32;C:\WINDOWS\WinSxS\amd64_microsoft.windows.common-controls_6595b64144ccf1df_6.0.22621.5262_none_2712bde373830908;C:\Program Files\Java\jdk-17\bin\server

VM Arguments:
jvm_args: -Xmx64m -Xms64m -Dorg.gradle.appname=gradlew 
java_command: org.gradle.wrapper.GradleWrapperMain app:installDebug -PreactNativeDevServerPort=8081
java_class_path (initial): D:\Sein\Groo\android\\gradle\wrapper\gradle-wrapper.jar
Launcher Type: SUN_STANDARD

[Global flags]
     intx CICompilerCount                          = 12                                        {product} {ergonomic}
     uint ConcGCThreads                            = 3                                         {product} {ergonomic}
     uint G1ConcRefinementThreads                  = 13                                        {product} {ergonomic}
   size_t G1HeapRegionSize                         = 1048576                                   {product} {ergonomic}
    uintx GCDrainStackTargetSize                   = 64                                        {product} {ergonomic}
   size_t InitialHeapSize                          = 67108864                                  {product} {command line}
   size_t MarkStackSize                            = 4194304                                   {product} {ergonomic}
   size_t MaxHeapSize                              = 67108864                                  {product} {command line}
   size_t MinHeapDeltaBytes                        = 1048576                                   {product} {ergonomic}
   size_t MinHeapSize                              = 67108864                                  {product} {command line}
    uintx NonNMethodCodeHeapSize                   = 7602480                                {pd product} {ergonomic}
    uintx NonProfiledCodeHeapSize                  = 122027880                              {pd product} {ergonomic}
    uintx ProfiledCodeHeapSize                     = 122027880                              {pd product} {ergonomic}
    uintx ReservedCodeCacheSize                    = 251658240                              {pd product} {ergonomic}
     bool SegmentedCodeCache                       = true                                      {product} {ergonomic}
   size_t SoftMaxHeapSize                          = 67108864                               {manageable} {ergonomic}
     bool UseCompressedClassPointers               = true                           {product lp64_product} {ergonomic}
     bool UseCompressedOops                        = true                           {product lp64_product} {ergonomic}
     bool UseG1GC                                  = true                                      {product} {ergonomic}
     bool UseLargePagesIndividualAllocation        = false                                  {pd product} {ergonomic}

Logging:
Log output configuration:
 #0: stdout all=warning uptime,level,tags
 #1: stderr all=off uptime,level,tags

Environment Variables:
JAVA_HOME=C:\Program Files\Java\jdk-17
CLASSPATH=D:\Sein\Groo\android\\gradle\wrapper\gradle-wrapper.jar
PATH=D:\Sein\Groo\node_modules\.bin;D:\Sein\node_modules\.bin;D:\node_modules\.bin;C:\Program Files\nodejs\node_modules\npm\node_modules\@npmcli\run-script\lib\node-gyp-bin;C:\Program Files\Java\jdk-17\bin;C:\Program Files (x86)\VMware\VMware Workstation\bin\;C:\Program Files\Common Files\Oracle\Java\javapath;C:\Windows\system32;C:\Windows;C:\Windows\System32\Wbem;C:\Windows\System32\WindowsPowerShell\v1.0\;C:\Windows\System32\OpenSSH\;C:\Program Files (x86)\NVIDIA Corporation\PhysX\Common;C:\Program Files\NVIDIA Corporation\NVIDIA NvDLISR;C:\WINDOWS\system32;C:\WINDOWS;C:\WINDOWS\System32\Wbem;C:\WINDOWS\System32\WindowsPowerShell\v1.0\;C:\WINDOWS\System32\OpenSSH\;C:\Program Files\nodejs\;C:\Program Files\Git\cmd;D:\flutter\bin;D:\Android_Sdk\platform-tools;D:\Android_Sdk\emulator;D:\Android_Sdk\build-tools;D:\Android_Sdk\tools;C:\Users\HOME\AppData\Local\jdk-11.0.2\bin;C:\Users\HOME\AppData\Local\Programs\Python\Python311\Scripts\;C:\Users\HOME\AppData\Local\Programs\Python\Python311\;C:\Users\HOME\AppData\Local\Microsoft\WindowsApps;;C:\Users\HOME\AppData\Local\Programs\Microsoft VS Code\bin;C:\Users\HOME\AppData\Roaming\npm;c:\Users\HOME\.vscode\extensions\ms-python.debugpy-2025.6.0-win32-x64\bundled\scripts\noConfigScripts
USERNAME=HOME
LANG=en_US.UTF-8
OS=Windows_NT
PROCESSOR_IDENTIFIER=Intel64 Family 6 Model 154 Stepping 3, GenuineIntel



---------------  S Y S T E M  ---------------

OS:
 Windows 11 , 64 bit Build 22621 (10.0.22621.5262)
OS uptime: 3 days 19:30 hours
Hyper-V role detected

CPU: total 16 (initial active 16) (8 cores per cpu, 2 threads per core) family 6 model 154 stepping 3 microcode 0x41e, cx8, cmov, fxsr, ht, mmx, 3dnowpref, sse, sse2, sse3, ssse3, sse4.1, sse4.2, popcnt, lzcnt, tsc, tscinvbit, avx, avx2, aes, erms, clmul, bmi1, bmi2, adx, sha, fma, vzeroupper, clflush, clflushopt, clwb, hv

Memory: 4k page, system-wide physical 16068M (807M free)
TotalPageFile size 44038M (AvailPageFile size 32M)
current process WorkingSet (physical memory assigned to process): 11M, peak: 11M
current process commit charge ("private bytes"): 69M, peak: 133M

vm_info: Java HotSpot(TM) 64-Bit Server VM (17.0.15+9-LTS-241) for windows-amd64 JRE (17.0.15+9-LTS-241), built on Feb 20 2025 10:49:54 by "mach5one" with MS VC++ 17.6 (VS2022)

END.
