#
# There is insufficient memory for the Java Runtime Environment to continue.
# Native memory allocation (malloc) failed to allocate 32744 bytes for ChunkPool::allocate
# Possible reasons:
#   The system is out of physical RAM or swap space
#   The process is running with CompressedOops enabled, and the Java Heap may be blocking the growth of the native heap
# Possible solutions:
#   Reduce memory load on the system
#   Increase physical memory or swap space
#   Check if swap backing store is full
#   Decrease Java heap size (-Xmx/-Xms)
#   Decrease number of Java threads
#   Decrease Java thread stack sizes (-Xss)
#   Set larger code cache with -XX:ReservedCodeCacheSize=
#   JVM is running with Unscaled Compressed Oops mode in which the Java heap is
#     placed in the first 4GB address space. The Java Heap base address is the
#     maximum limit for the native heap growth. Please use -XX:HeapBaseMinAddress
#     to set the Java Heap base and to place the Java Heap above 4GB virtual address.
# This output file may be truncated or incomplete.
#
#  Out of Memory Error (arena.cpp:78), pid=18880, tid=18556
#
# JRE version: Java(TM) SE Runtime Environment (17.0.15+9) (build 17.0.15+9-LTS-241)
# Java VM: Java HotSpot(TM) 64-Bit Server VM (17.0.15+9-LTS-241, mixed mode, sharing, tiered, compressed oops, compressed class ptrs, g1 gc, windows-amd64)
# No core dump will be written. Minidumps are not enabled by default on client versions of Windows
#

---------------  S U M M A R Y ------------

Command Line: -Xmx64m -Xms64m -Dorg.gradle.appname=gradlew org.gradle.wrapper.GradleWrapperMain app:installDebug -PreactNativeDevServerPort=8081

Host: 12th Gen Intel(R) Core(TM) i5-1240P, 16 cores, 15G,  Windows 11 , 64 bit Build 22621 (10.0.22621.5262)
Time: Mon Jul 14 19:35:06 2025  Windows 11 , 64 bit Build 22621 (10.0.22621.5262) elapsed time: 179.522251 seconds (0d 0h 2m 59s)

---------------  T H R E A D  ---------------

Current thread (0x00000202d98d09c0):  JavaThread "C2 CompilerThread0" daemon [_thread_in_native, id=18556, stack(0x000000d85dd00000,0x000000d85de00000)]


Current CompileTask:
C2: 179522 2279       4       org.fusesource.jansi.Ansi::flushAttributes (94 bytes)

Stack: [0x000000d85dd00000,0x000000d85de00000]
Native frames: (J=compiled Java code, j=interpreted, Vv=VM code, C=native code)
V  [jvm.dll+0x67a46a]
V  [jvm.dll+0x7da6ad]
V  [jvm.dll+0x7dbff3]
V  [jvm.dll+0x7dc663]
V  [jvm.dll+0x24523f]
V  [jvm.dll+0xab994]
V  [jvm.dll+0xabd2c]
V  [jvm.dll+0xab874]
V  [jvm.dll+0x6591b1]
V  [jvm.dll+0x657bb8]
V  [jvm.dll+0x614fcb]
V  [jvm.dll+0x33df09]
V  [jvm.dll+0x33ba5e]
V  [jvm.dll+0x68edeb]
V  [jvm.dll+0x69278f]
V  [jvm.dll+0x68a7f5]
V  [jvm.dll+0x689e40]
V  [jvm.dll+0x687d52]
V  [jvm.dll+0x1a58fc]
V  [jvm.dll+0x2a990c]
V  [jvm.dll+0x6927b6]
V  [jvm.dll+0x68a7f5]
V  [jvm.dll+0x689e40]
V  [jvm.dll+0x687d52]
V  [jvm.dll+0x1a58fc]
V  [jvm.dll+0x1a6458]
V  [jvm.dll+0x2a990c]
V  [jvm.dll+0x6927b6]
V  [jvm.dll+0x68a7f5]
V  [jvm.dll+0x689e40]
V  [jvm.dll+0x687d52]
V  [jvm.dll+0x1a58fc]
V  [jvm.dll+0x1a6458]
V  [jvm.dll+0x2a990c]
V  [jvm.dll+0x6927b6]
V  [jvm.dll+0x68a7f5]
V  [jvm.dll+0x689e40]
V  [jvm.dll+0x687d52]
V  [jvm.dll+0x1a58fc]
V  [jvm.dll+0x2a990c]
V  [jvm.dll+0x6927b6]
V  [jvm.dll+0x68a7f5]
V  [jvm.dll+0x689e40]
V  [jvm.dll+0x687d52]
V  [jvm.dll+0x1a58fc]
V  [jvm.dll+0x1a6458]
V  [jvm.dll+0x2a990c]
V  [jvm.dll+0x6927b6]
V  [jvm.dll+0x68a7f5]
V  [jvm.dll+0x689e40]
V  [jvm.dll+0x687d52]
V  [jvm.dll+0x1a58fc]
V  [jvm.dll+0x2a990c]
V  [jvm.dll+0x6927b6]
V  [jvm.dll+0x68a7f5]
V  [jvm.dll+0x689e40]
V  [jvm.dll+0x687d52]
V  [jvm.dll+0x1a58fc]
V  [jvm.dll+0x2159c8]
V  [jvm.dll+0x1a2a00]
V  [jvm.dll+0x2262bb]
V  [jvm.dll+0x22445b]
V  [jvm.dll+0x790acc]
V  [jvm.dll+0x78b0ba]
V  [jvm.dll+0x679355]
C  [ucrtbase.dll+0x29333]
C  [KERNEL32.DLL+0x1259d]
C  [ntdll.dll+0x5af58]


---------------  P R O C E S S  ---------------

Threads class SMR info:
_java_thread_list=0x000002031f38dbb0, length=13, elements={
0x00000202bf645ae0, 0x00000202bf708d50, 0x00000202bf7097d0, 0x00000202d98c1770,
0x00000202d98c1f30, 0x00000202d98c6510, 0x00000202d98c6ad0, 0x00000202d98d09c0,
0x00000202d98cf130, 0x00000202d98faf00, 0x00000202d9b15910, 0x00000202d9b197d0,
0x000002031f38b350
}

Java Threads: ( => current thread )
  0x00000202bf645ae0 JavaThread "main" [_thread_in_native, id=24484, stack(0x000000d85d000000,0x000000d85d100000)]
  0x00000202bf708d50 JavaThread "Reference Handler" daemon [_thread_blocked, id=27484, stack(0x000000d85d700000,0x000000d85d800000)]
  0x00000202bf7097d0 JavaThread "Finalizer" daemon [_thread_blocked, id=43808, stack(0x000000d85d800000,0x000000d85d900000)]
  0x00000202d98c1770 JavaThread "Signal Dispatcher" daemon [_thread_blocked, id=35940, stack(0x000000d85d900000,0x000000d85da00000)]
  0x00000202d98c1f30 JavaThread "Attach Listener" daemon [_thread_blocked, id=28436, stack(0x000000d85da00000,0x000000d85db00000)]
  0x00000202d98c6510 JavaThread "Service Thread" daemon [_thread_blocked, id=35904, stack(0x000000d85db00000,0x000000d85dc00000)]
  0x00000202d98c6ad0 JavaThread "Monitor Deflation Thread" daemon [_thread_blocked, id=26480, stack(0x000000d85dc00000,0x000000d85dd00000)]
=>0x00000202d98d09c0 JavaThread "C2 CompilerThread0" daemon [_thread_in_native, id=18556, stack(0x000000d85dd00000,0x000000d85de00000)]
  0x00000202d98cf130 JavaThread "C1 CompilerThread0" daemon [_thread_blocked, id=39840, stack(0x000000d85de00000,0x000000d85df00000)]
  0x00000202d98faf00 JavaThread "Sweeper thread" daemon [_thread_blocked, id=45656, stack(0x000000d85df00000,0x000000d85e000000)]
  0x00000202d9b15910 JavaThread "Notification Thread" daemon [_thread_blocked, id=3980, stack(0x000000d85e300000,0x000000d85e400000)]
  0x00000202d9b197d0 JavaThread "Common-Cleaner" daemon [_thread_blocked, id=29028, stack(0x000000d85e500000,0x000000d85e600000)]
  0x000002031f38b350 JavaThread "pool-1-thread-1" [_thread_blocked, id=23080, stack(0x000000d85e800000,0x000000d85e900000)]

Other Threads:
  0x00000202bf703140 VMThread "VM Thread" [stack: 0x000000d85d600000,0x000000d85d700000] [id=15684]
  0x00000202bf692080 WatcherThread [stack: 0x000000d85e400000,0x000000d85e500000] [id=29888]
  0x00000202bf667f60 GCTaskThread "GC Thread#0" [stack: 0x000000d85d100000,0x000000d85d200000] [id=20344]
  0x00000202d9b38fb0 GCTaskThread "GC Thread#1" [stack: 0x000000d85ea00000,0x000000d85eb00000] [id=6504]
  0x00000202d9b39270 GCTaskThread "GC Thread#2" [stack: 0x000000d85eb00000,0x000000d85ec00000] [id=16296]
  0x00000202d9b37c70 GCTaskThread "GC Thread#3" [stack: 0x000000d85ec00000,0x000000d85ed00000] [id=35608]
  0x00000202d9b379b0 GCTaskThread "GC Thread#4" [stack: 0x000000d85e600000,0x000000d85e700000] [id=11784]
  0x00000202d9b38a30 GCTaskThread "GC Thread#5" [stack: 0x000000d85e700000,0x000000d85e800000] [id=17880]
  0x00000202d9b384b0 GCTaskThread "GC Thread#6" [stack: 0x000000d85e900000,0x000000d85ea00000] [id=6252]
  0x00000202bf6696b0 ConcurrentGCThread "G1 Main Marker" [stack: 0x000000d85d200000,0x000000d85d300000] [id=34020]
  0x00000202bf66b0d0 ConcurrentGCThread "G1 Conc#0" [stack: 0x000000d85d300000,0x000000d85d400000] [id=31672]
  0x00000202bf6e7960 ConcurrentGCThread "G1 Refine#0" [stack: 0x000000d85d400000,0x000000d85d500000] [id=20904]
  0x00000202bf6e9fb0 ConcurrentGCThread "G1 Service" [stack: 0x000000d85d500000,0x000000d85d600000] [id=36904]

Threads with active compile tasks:
C2 CompilerThread0   179575 2279       4       org.fusesource.jansi.Ansi::flushAttributes (94 bytes)

VM state: not at safepoint (normal execution)

VM Mutex/Monitor currently owned by a thread: None

Heap address: 0x00000000fc000000, size: 64 MB, Compressed Oops mode: 32-bit

CDS archive(s) mapped at: [0x00000202da000000-0x00000202dabd0000-0x00000202dabd0000), size 12386304, SharedBaseAddress: 0x00000202da000000, ArchiveRelocationMode: 1.
Compressed class space mapped at: 0x00000202db000000-0x000002031b000000, reserved size: 1073741824
Narrow klass base: 0x00000202da000000, Narrow klass shift: 0, Narrow klass range: 0x100000000

GC Precious Log:
 CPUs: 16 total, 16 available
 Memory: 16068M
 Large Page Support: Disabled
 NUMA Support: Disabled
 Compressed Oops: Enabled (32-bit)
 Heap Region Size: 1M
 Heap Min Capacity: 64M
 Heap Initial Capacity: 64M
 Heap Max Capacity: 64M
 Pre-touch: Disabled
 Parallel Workers: 13
 Concurrent Workers: 3
 Concurrent Refinement Workers: 13
 Periodic GC: Disabled

Heap:
 garbage-first heap   total 65536K, used 27726K [0x00000000fc000000, 0x0000000100000000)
  region size 1024K, 21 young (21504K), 4 survivors (4096K)
 Metaspace       used 10499K, committed 10624K, reserved 1114112K
  class space    used 1351K, committed 1408K, reserved 1048576K

Heap Regions: E=young(eden), S=young(survivor), O=old, HS=humongous(starts), HC=humongous(continues), CS=collection set, F=free, OA=open archive, CA=closed archive, TAMS=top-at-mark-start (previous, next)
|   0|0x00000000fc000000, 0x00000000fc100000, 0x00000000fc100000|100%|HS|  |TAMS 0x00000000fc000000, 0x00000000fc000000| Complete 
|   1|0x00000000fc100000, 0x00000000fc200000, 0x00000000fc200000|100%|HC|  |TAMS 0x00000000fc100000, 0x00000000fc100000| Complete 
|   2|0x00000000fc200000, 0x00000000fc300000, 0x00000000fc300000|100%|HC|  |TAMS 0x00000000fc200000, 0x00000000fc200000| Complete 
|   3|0x00000000fc300000, 0x00000000fc400000, 0x00000000fc400000|100%| O|  |TAMS 0x00000000fc300000, 0x00000000fc300000| Untracked 
|   4|0x00000000fc400000, 0x00000000fc500000, 0x00000000fc500000|100%| O|  |TAMS 0x00000000fc400000, 0x00000000fc400000| Untracked 
|   5|0x00000000fc500000, 0x00000000fc600000, 0x00000000fc600000|100%| O|  |TAMS 0x00000000fc500000, 0x00000000fc500000| Untracked 
|   6|0x00000000fc600000, 0x00000000fc700000, 0x00000000fc700000|100%| O|  |TAMS 0x00000000fc600000, 0x00000000fc600000| Untracked 
|   7|0x00000000fc700000, 0x00000000fc713800, 0x00000000fc800000|  7%| O|  |TAMS 0x00000000fc700000, 0x00000000fc700000| Untracked 
|   8|0x00000000fc800000, 0x00000000fc800000, 0x00000000fc900000|  0%| F|  |TAMS 0x00000000fc800000, 0x00000000fc800000| Untracked 
|   9|0x00000000fc900000, 0x00000000fc900000, 0x00000000fca00000|  0%| F|  |TAMS 0x00000000fc900000, 0x00000000fc900000| Untracked 
|  10|0x00000000fca00000, 0x00000000fca00000, 0x00000000fcb00000|  0%| F|  |TAMS 0x00000000fca00000, 0x00000000fca00000| Untracked 
|  11|0x00000000fcb00000, 0x00000000fcb00000, 0x00000000fcc00000|  0%| F|  |TAMS 0x00000000fcb00000, 0x00000000fcb00000| Untracked 
|  12|0x00000000fcc00000, 0x00000000fcc00000, 0x00000000fcd00000|  0%| F|  |TAMS 0x00000000fcc00000, 0x00000000fcc00000| Untracked 
|  13|0x00000000fcd00000, 0x00000000fcd00000, 0x00000000fce00000|  0%| F|  |TAMS 0x00000000fcd00000, 0x00000000fcd00000| Untracked 
|  14|0x00000000fce00000, 0x00000000fce00000, 0x00000000fcf00000|  0%| F|  |TAMS 0x00000000fce00000, 0x00000000fce00000| Untracked 
|  15|0x00000000fcf00000, 0x00000000fcf00000, 0x00000000fd000000|  0%| F|  |TAMS 0x00000000fcf00000, 0x00000000fcf00000| Untracked 
|  16|0x00000000fd000000, 0x00000000fd000000, 0x00000000fd100000|  0%| F|  |TAMS 0x00000000fd000000, 0x00000000fd000000| Untracked 
|  17|0x00000000fd100000, 0x00000000fd100000, 0x00000000fd200000|  0%| F|  |TAMS 0x00000000fd100000, 0x00000000fd100000| Untracked 
|  18|0x00000000fd200000, 0x00000000fd200000, 0x00000000fd300000|  0%| F|  |TAMS 0x00000000fd200000, 0x00000000fd200000| Untracked 
|  19|0x00000000fd300000, 0x00000000fd300000, 0x00000000fd400000|  0%| F|  |TAMS 0x00000000fd300000, 0x00000000fd300000| Untracked 
|  20|0x00000000fd400000, 0x00000000fd400000, 0x00000000fd500000|  0%| F|  |TAMS 0x00000000fd400000, 0x00000000fd400000| Untracked 
|  21|0x00000000fd500000, 0x00000000fd500000, 0x00000000fd600000|  0%| F|  |TAMS 0x00000000fd500000, 0x00000000fd500000| Untracked 
|  22|0x00000000fd600000, 0x00000000fd600000, 0x00000000fd700000|  0%| F|  |TAMS 0x00000000fd600000, 0x00000000fd600000| Untracked 
|  23|0x00000000fd700000, 0x00000000fd700000, 0x00000000fd800000|  0%| F|  |TAMS 0x00000000fd700000, 0x00000000fd700000| Untracked 
|  24|0x00000000fd800000, 0x00000000fd800000, 0x00000000fd900000|  0%| F|  |TAMS 0x00000000fd800000, 0x00000000fd800000| Untracked 
|  25|0x00000000fd900000, 0x00000000fd900000, 0x00000000fda00000|  0%| F|  |TAMS 0x00000000fd900000, 0x00000000fd900000| Untracked 
|  26|0x00000000fda00000, 0x00000000fda00000, 0x00000000fdb00000|  0%| F|  |TAMS 0x00000000fda00000, 0x00000000fda00000| Untracked 
|  27|0x00000000fdb00000, 0x00000000fdb00000, 0x00000000fdc00000|  0%| F|  |TAMS 0x00000000fdb00000, 0x00000000fdb00000| Untracked 
|  28|0x00000000fdc00000, 0x00000000fdc00000, 0x00000000fdd00000|  0%| F|  |TAMS 0x00000000fdc00000, 0x00000000fdc00000| Untracked 
|  29|0x00000000fdd00000, 0x00000000fde00000, 0x00000000fde00000|100%| S|CS|TAMS 0x00000000fdd00000, 0x00000000fdd00000| Complete 
|  30|0x00000000fde00000, 0x00000000fdf00000, 0x00000000fdf00000|100%| S|CS|TAMS 0x00000000fde00000, 0x00000000fde00000| Complete 
|  31|0x00000000fdf00000, 0x00000000fe000000, 0x00000000fe000000|100%| S|CS|TAMS 0x00000000fdf00000, 0x00000000fdf00000| Complete 
|  32|0x00000000fe000000, 0x00000000fe100000, 0x00000000fe100000|100%| S|CS|TAMS 0x00000000fe000000, 0x00000000fe000000| Complete 
|  33|0x00000000fe100000, 0x00000000fe100000, 0x00000000fe200000|  0%| F|  |TAMS 0x00000000fe100000, 0x00000000fe100000| Untracked 
|  34|0x00000000fe200000, 0x00000000fe200000, 0x00000000fe300000|  0%| F|  |TAMS 0x00000000fe200000, 0x00000000fe200000| Untracked 
|  35|0x00000000fe300000, 0x00000000fe300000, 0x00000000fe400000|  0%| F|  |TAMS 0x00000000fe300000, 0x00000000fe300000| Untracked 
|  36|0x00000000fe400000, 0x00000000fe400000, 0x00000000fe500000|  0%| F|  |TAMS 0x00000000fe400000, 0x00000000fe400000| Untracked 
|  37|0x00000000fe500000, 0x00000000fe500000, 0x00000000fe600000|  0%| F|  |TAMS 0x00000000fe500000, 0x00000000fe500000| Untracked 
|  38|0x00000000fe600000, 0x00000000fe600000, 0x00000000fe700000|  0%| F|  |TAMS 0x00000000fe600000, 0x00000000fe600000| Untracked 
|  39|0x00000000fe700000, 0x00000000fe700000, 0x00000000fe800000|  0%| F|  |TAMS 0x00000000fe700000, 0x00000000fe700000| Untracked 
|  40|0x00000000fe800000, 0x00000000fe800000, 0x00000000fe900000|  0%| F|  |TAMS 0x00000000fe800000, 0x00000000fe800000| Untracked 
|  41|0x00000000fe900000, 0x00000000fe900000, 0x00000000fea00000|  0%| F|  |TAMS 0x00000000fe900000, 0x00000000fe900000| Untracked 
|  42|0x00000000fea00000, 0x00000000fea00000, 0x00000000feb00000|  0%| F|  |TAMS 0x00000000fea00000, 0x00000000fea00000| Untracked 
|  43|0x00000000feb00000, 0x00000000feb00000, 0x00000000fec00000|  0%| F|  |TAMS 0x00000000feb00000, 0x00000000feb00000| Untracked 
|  44|0x00000000fec00000, 0x00000000fec00000, 0x00000000fed00000|  0%| F|  |TAMS 0x00000000fec00000, 0x00000000fec00000| Untracked 
|  45|0x00000000fed00000, 0x00000000fed00000, 0x00000000fee00000|  0%| F|  |TAMS 0x00000000fed00000, 0x00000000fed00000| Untracked 
|  46|0x00000000fee00000, 0x00000000fee00000, 0x00000000fef00000|  0%| F|  |TAMS 0x00000000fee00000, 0x00000000fee00000| Untracked 
|  47|0x00000000fef00000, 0x00000000fefb58b8, 0x00000000ff000000| 70%| E|  |TAMS 0x00000000fef00000, 0x00000000fef00000| Complete 
|  48|0x00000000ff000000, 0x00000000ff100000, 0x00000000ff100000|100%| E|CS|TAMS 0x00000000ff000000, 0x00000000ff000000| Complete 
|  49|0x00000000ff100000, 0x00000000ff200000, 0x00000000ff200000|100%| E|CS|TAMS 0x00000000ff100000, 0x00000000ff100000| Complete 
|  50|0x00000000ff200000, 0x00000000ff300000, 0x00000000ff300000|100%| E|CS|TAMS 0x00000000ff200000, 0x00000000ff200000| Complete 
|  51|0x00000000ff300000, 0x00000000ff400000, 0x00000000ff400000|100%| E|CS|TAMS 0x00000000ff300000, 0x00000000ff300000| Complete 
|  52|0x00000000ff400000, 0x00000000ff500000, 0x00000000ff500000|100%| E|CS|TAMS 0x00000000ff400000, 0x00000000ff400000| Complete 
|  53|0x00000000ff500000, 0x00000000ff600000, 0x00000000ff600000|100%| E|CS|TAMS 0x00000000ff500000, 0x00000000ff500000| Complete 
|  54|0x00000000ff600000, 0x00000000ff700000, 0x00000000ff700000|100%| E|CS|TAMS 0x00000000ff600000, 0x00000000ff600000| Complete 
|  55|0x00000000ff700000, 0x00000000ff800000, 0x00000000ff800000|100%| E|CS|TAMS 0x00000000ff700000, 0x00000000ff700000| Complete 
|  56|0x00000000ff800000, 0x00000000ff900000, 0x00000000ff900000|100%| E|CS|TAMS 0x00000000ff800000, 0x00000000ff800000| Complete 
|  57|0x00000000ff900000, 0x00000000ffa00000, 0x00000000ffa00000|100%| E|CS|TAMS 0x00000000ff900000, 0x00000000ff900000| Complete 
|  58|0x00000000ffa00000, 0x00000000ffb00000, 0x00000000ffb00000|100%| E|CS|TAMS 0x00000000ffa00000, 0x00000000ffa00000| Complete 
|  59|0x00000000ffb00000, 0x00000000ffc00000, 0x00000000ffc00000|100%| E|CS|TAMS 0x00000000ffb00000, 0x00000000ffb00000| Complete 
|  60|0x00000000ffc00000, 0x00000000ffd00000, 0x00000000ffd00000|100%| E|CS|TAMS 0x00000000ffc00000, 0x00000000ffc00000| Complete 
|  61|0x00000000ffd00000, 0x00000000ffe00000, 0x00000000ffe00000|100%| E|CS|TAMS 0x00000000ffd00000, 0x00000000ffd00000| Complete 
|  62|0x00000000ffe00000, 0x00000000fff00000, 0x00000000fff00000|100%| E|CS|TAMS 0x00000000ffe00000, 0x00000000ffe00000| Complete 
|  63|0x00000000fff00000, 0x0000000100000000, 0x0000000100000000|100%| E|CS|TAMS 0x00000000fff00000, 0x00000000fff00000| Complete 

Card table byte_map: [0x00000202bf590000,0x00000202bf5b0000] _byte_map_base: 0x00000202bedb0000

Marking Bits (Prev, Next): (CMBitMap*) 0x00000202bf668580, (CMBitMap*) 0x00000202bf6685c0
 Prev Bits: [0x00000202d67b0000, 0x00000202d68b0000)
 Next Bits: [0x00000202d68b0000, 0x00000202d69b0000)

Polling page: 0x00000202bee10000

Metaspace:

Usage:
  Non-class:      8.93 MB used.
      Class:      1.32 MB used.
       Both:     10.25 MB used.

Virtual space:
  Non-class space:       64.00 MB reserved,       9.00 MB ( 14%) committed,  1 nodes.
      Class space:        1.00 GB reserved,       1.38 MB ( <1%) committed,  1 nodes.
             Both:        1.06 GB reserved,      10.38 MB ( <1%) committed. 

Chunk freelists:
   Non-Class:  6.26 MB
       Class:  14.57 MB
        Both:  20.82 MB

MaxMetaspaceSize: unlimited
CompressedClassSpaceSize: 1.00 GB
Initial GC threshold: 21.00 MB
Current GC threshold: 21.00 MB
CDS: on
MetaspaceReclaimPolicy: balanced
 - commit_granule_bytes: 65536.
 - commit_granule_words: 8192.
 - virtual_space_node_default_size: 8388608.
 - enlarge_chunks_in_place: 1.
 - new_chunks_are_fully_committed: 0.
 - uncommit_free_chunks: 1.
 - use_allocation_guard: 0.
 - handle_deallocations: 1.


Internal statistics:

num_allocs_failed_limit: 0.
num_arena_births: 92.
num_arena_deaths: 0.
num_vsnodes_births: 2.
num_vsnodes_deaths: 0.
num_space_committed: 166.
num_space_uncommitted: 0.
num_chunks_returned_to_freelist: 0.
num_chunks_taken_from_freelist: 375.
num_chunk_merges: 0.
num_chunk_splits: 250.
num_chunks_enlarged: 203.
num_inconsistent_stats: 0.

CodeHeap 'non-profiled nmethods': size=119168Kb used=918Kb max_used=918Kb free=118249Kb
 bounds [0x00000202cead0000, 0x00000202ced40000, 0x00000202d5f30000]
CodeHeap 'profiled nmethods': size=119104Kb used=4353Kb max_used=4353Kb free=114751Kb
 bounds [0x00000202c6f30000, 0x00000202c7380000, 0x00000202ce380000]
CodeHeap 'non-nmethods': size=7488Kb used=1189Kb max_used=2891Kb free=6299Kb
 bounds [0x00000202ce380000, 0x00000202ce660000, 0x00000202cead0000]
 total_blobs=2765 nmethods=2278 adapters=399
 compilation: enabled
              stopped_count=0, restarted_count=0
 full_count=0

Compilation events (20 events):
Event: 153.488 Thread 0x00000202d98cf130 nmethod 2269 0x00000202c736dd10 code [0x00000202c736df40, 0x00000202c736e738]
Event: 153.488 Thread 0x00000202d98cf130 2270       3       com.google.common.base.Preconditions::checkArgument (13 bytes)
Event: 153.488 Thread 0x00000202d98cf130 nmethod 2270 0x00000202c736ea90 code [0x00000202c736ec40, 0x00000202c736ee28]
Event: 153.488 Thread 0x00000202d98cf130 2271       3       com.google.common.base.Preconditions::checkPositionIndexes (29 bytes)
Event: 153.488 Thread 0x00000202d98cf130 nmethod 2271 0x00000202c736ef10 code [0x00000202c736f0c0, 0x00000202c736f358]
Event: 156.490 Thread 0x00000202d98d09c0 2272       4       java.lang.Integer::stringSize (47 bytes)
Event: 156.491 Thread 0x00000202d98d09c0 nmethod 2272 0x00000202cebb4b10 code [0x00000202cebb4c80, 0x00000202cebb4d58]
Event: 156.491 Thread 0x00000202d98d09c0 2273       4       java.lang.Integer::getChars (131 bytes)
Event: 156.493 Thread 0x00000202d98d09c0 nmethod 2273 0x00000202cebb4e10 code [0x00000202cebb4fa0, 0x00000202cebb5258]
Event: 158.182 Thread 0x00000202d98d09c0 2274       4       java.lang.AbstractStringBuilder::shift (37 bytes)
Event: 158.183 Thread 0x00000202d98d09c0 nmethod 2274 0x00000202cebb5490 code [0x00000202cebb5600, 0x00000202cebb5718]
Event: 160.481 Thread 0x00000202d98cf130 2275       3       com.google.common.collect.RegularImmutableList::<init> (10 bytes)
Event: 160.481 Thread 0x00000202d98cf130 nmethod 2275 0x00000202c736f490 code [0x00000202c736f640, 0x00000202c736f918]
Event: 160.481 Thread 0x00000202d98cf130 2276       3       com.google.common.collect.ImmutableList::<init> (5 bytes)
Event: 160.481 Thread 0x00000202d98cf130 nmethod 2276 0x00000202c736fa90 code [0x00000202c736fc40, 0x00000202c736fe78]
Event: 160.481 Thread 0x00000202d98cf130 2277       3       com.google.common.collect.ImmutableCollection::<init> (5 bytes)
Event: 160.481 Thread 0x00000202d98cf130 nmethod 2277 0x00000202c736ff90 code [0x00000202c7370140, 0x00000202c73702f8]
Event: 177.885 Thread 0x00000202d98d09c0 2278       4       java.util.ArrayDeque$DeqIterator::hasNext (13 bytes)
Event: 177.885 Thread 0x00000202d98d09c0 nmethod 2278 0x00000202cebb5810 code [0x00000202cebb5980, 0x00000202cebb5a18]
Event: 179.493 Thread 0x00000202d98d09c0 2279       4       org.fusesource.jansi.Ansi::flushAttributes (94 bytes)

GC Heap History (4 events):
Event: 0.518 GC heap before
{Heap before GC invocations=0 (full 0):
 garbage-first heap   total 65536K, used 22528K [0x00000000fc000000, 0x0000000100000000)
  region size 1024K, 23 young (23552K), 0 survivors (0K)
 Metaspace       used 1801K, committed 1920K, reserved 1114112K
  class space    used 162K, committed 192K, reserved 1048576K
}
Event: 0.524 GC heap after
{Heap after GC invocations=1 (full 0):
 garbage-first heap   total 65536K, used 2048K [0x00000000fc000000, 0x0000000100000000)
  region size 1024K, 2 young (2048K), 2 survivors (2048K)
 Metaspace       used 1801K, committed 1920K, reserved 1114112K
  class space    used 162K, committed 192K, reserved 1048576K
}
Event: 1.625 GC heap before
{Heap before GC invocations=1 (full 0):
 garbage-first heap   total 65536K, used 34816K [0x00000000fc000000, 0x0000000100000000)
  region size 1024K, 31 young (31744K), 2 survivors (2048K)
 Metaspace       used 7419K, committed 7616K, reserved 1114112K
  class space    used 1002K, committed 1088K, reserved 1048576K
}
Event: 1.630 GC heap after
{Heap after GC invocations=2 (full 0):
 garbage-first heap   total 65536K, used 11342K [0x00000000fc000000, 0x0000000100000000)
  region size 1024K, 4 young (4096K), 4 survivors (4096K)
 Metaspace       used 7419K, committed 7616K, reserved 1114112K
  class space    used 1002K, committed 1088K, reserved 1048576K
}

Deoptimization events (20 events):
Event: 1.947 Thread 0x000002031f388cd0 Uncommon trap: trap_request=0xffffff45 fr.pc=0x00000202ceb487c8 relative=0x0000000000000048
Event: 1.947 Thread 0x000002031f388cd0 Uncommon trap: reason=unstable_if action=reinterpret pc=0x00000202ceb487c8 method=java.lang.CharacterData.of(I)Ljava/lang/CharacterData; @ 4 c2
Event: 1.947 Thread 0x000002031f388cd0 DEOPT PACKING pc=0x00000202ceb487c8 sp=0x000000d85edfe6d0
Event: 1.947 Thread 0x000002031f388cd0 DEOPT UNPACKING pc=0x00000202ce3d23a3 sp=0x000000d85edfe668 mode 2
Event: 1.949 Thread 0x000002031f388cd0 Uncommon trap: trap_request=0xffffff6e fr.pc=0x00000202ceb65c64 relative=0x00000000000003c4
Event: 1.949 Thread 0x000002031f388cd0 Uncommon trap: reason=loop_limit_check action=maybe_recompile pc=0x00000202ceb65c64 method=java.lang.StringLatin1.indexOf([BI[BII)I @ 37 c2
Event: 1.949 Thread 0x000002031f388cd0 DEOPT PACKING pc=0x00000202ceb65c64 sp=0x000000d85edfeef0
Event: 1.949 Thread 0x000002031f388cd0 DEOPT UNPACKING pc=0x00000202ce3d23a3 sp=0x000000d85edfee78 mode 2
Event: 4.712 Thread 0x000002031f388cd0 Uncommon trap: trap_request=0xffffff45 fr.pc=0x00000202ceadf180 relative=0x0000000000000080
Event: 4.712 Thread 0x000002031f388cd0 Uncommon trap: reason=unstable_if action=reinterpret pc=0x00000202ceadf180 method=java.lang.String.codePointAt(I)I @ 4 c2
Event: 4.712 Thread 0x000002031f388cd0 DEOPT PACKING pc=0x00000202ceadf180 sp=0x000000d85edfef30
Event: 4.712 Thread 0x000002031f388cd0 DEOPT UNPACKING pc=0x00000202ce3d23a3 sp=0x000000d85edfeec8 mode 2
Event: 4.715 Thread 0x000002031f38b820 Uncommon trap: trap_request=0xffffffde fr.pc=0x00000202ceb5a1c4 relative=0x0000000000000da4
Event: 4.715 Thread 0x000002031f38b820 Uncommon trap: reason=class_check action=maybe_recompile pc=0x00000202ceb5a1c4 method=java.util.concurrent.ConcurrentHashMap.putVal(Ljava/lang/Object;Ljava/lang/Object;Z)Ljava/lang/Object; @ 159 c2
Event: 4.715 Thread 0x000002031f38b820 DEOPT PACKING pc=0x00000202ceb5a1c4 sp=0x000000d85eefe4d0
Event: 4.715 Thread 0x000002031f38b820 DEOPT UNPACKING pc=0x00000202ce3d23a3 sp=0x000000d85eefe450 mode 2
Event: 4.812 Thread 0x00000202bf645ae0 Uncommon trap: trap_request=0xffffff45 fr.pc=0x00000202ceadaafc relative=0x000000000000007c
Event: 4.812 Thread 0x00000202bf645ae0 Uncommon trap: reason=unstable_if action=reinterpret pc=0x00000202ceadaafc method=java.lang.String.charAt(I)C @ 4 c2
Event: 4.812 Thread 0x00000202bf645ae0 DEOPT PACKING pc=0x00000202ceadaafc sp=0x000000d85d0fce70
Event: 4.812 Thread 0x00000202bf645ae0 DEOPT UNPACKING pc=0x00000202ce3d23a3 sp=0x000000d85d0fce10 mode 2

Classes unloaded (0 events):
No events

Classes redefined (0 events):
No events

Internal exceptions (20 events):
Event: 0.996 Thread 0x00000202bf645ae0 Exception <a 'java/lang/NoClassDefFoundError'{0x00000000ff099300}: org/slf4j/impl/StaticMarkerBinder> (0x00000000ff099300) 
thrown [s\open\src\hotspot\share\classfile\systemDictionary.cpp, line 245]
Event: 1.026 Thread 0x00000202bf645ae0 Exception <a 'java/lang/NoSuchMethodError'{0x00000000fefc3fe8}: 'java.lang.Object java.lang.invoke.Invokers$Holder.invoker(java.lang.Object, java.lang.Object, java.lang.Object)'> (0x00000000fefc3fe8) 
thrown [s\open\src\hotspot\share\interpreter\linkResolver.cpp, line 759]
Event: 1.028 Thread 0x00000202bf645ae0 Exception <a 'java/lang/NoSuchMethodError'{0x00000000fefcd140}: 'java.lang.Object java.lang.invoke.DirectMethodHandle$Holder.invokeStatic(java.lang.Object, java.lang.Object, int)'> (0x00000000fefcd140) 
thrown [s\open\src\hotspot\share\interpreter\linkResolver.cpp, line 759]
Event: 1.030 Thread 0x00000202bf645ae0 Exception <a 'java/lang/NoSuchMethodError'{0x00000000fefd8e30}: 'void java.lang.invoke.DelegatingMethodHandle$Holder.delegate(java.lang.Object, java.lang.Object, int, java.lang.Object)'> (0x00000000fefd8e30) 
thrown [s\open\src\hotspot\share\interpreter\linkResolver.cpp, line 759]
Event: 1.034 Thread 0x00000202bf645ae0 Exception <a 'java/lang/NoSuchMethodError'{0x00000000fefec478}: 'java.lang.Object java.lang.invoke.Invokers$Holder.invokeExact_MT(java.lang.Object, java.lang.Object, java.lang.Object, java.lang.Object)'> (0x00000000fefec478) 
thrown [s\open\src\hotspot\share\interpreter\linkResolver.cpp, line 759]
Event: 1.041 Thread 0x00000202bf645ae0 Exception <a 'java/lang/NoSuchMethodError'{0x00000000fee17e28}: 'java.lang.Object java.lang.invoke.DirectMethodHandle$Holder.invokeVirtual(java.lang.Object, java.lang.Object, java.lang.Object)'> (0x00000000fee17e28) 
thrown [s\open\src\hotspot\share\interpreter\linkResolver.cpp, line 759]
Event: 1.122 Thread 0x00000202bf645ae0 Exception <a 'java/lang/NoSuchMethodError'{0x00000000fea22328}: 'java.lang.Object java.lang.invoke.DirectMethodHandle$Holder.newInvokeSpecial(java.lang.Object, java.lang.Object, java.lang.Object, java.lang.Object, java.lang.Object)'> (0x00000000fea22328) 
thrown [s\open\src\hotspot\share\interpreter\linkResolver.cpp, line 759]
Event: 1.145 Thread 0x00000202bf645ae0 Exception <a 'java/lang/NoSuchMethodError'{0x00000000fe946348}: 'void java.lang.invoke.DirectMethodHandle$Holder.invokeSpecial(java.lang.Object, java.lang.Object, java.lang.Object)'> (0x00000000fe946348) 
thrown [s\open\src\hotspot\share\interpreter\linkResolver.cpp, line 759]
Event: 1.545 Thread 0x00000202bf645ae0 Exception <a 'java/lang/NoSuchMethodError'{0x00000000fe563868}: 'void java.lang.invoke.DirectMethodHandle$Holder.invokeStatic(java.lang.Object, java.lang.Object, java.lang.Object)'> (0x00000000fe563868) 
thrown [s\open\src\hotspot\share\interpreter\linkResolver.cpp, line 759]
Event: 1.600 Thread 0x00000202bf645ae0 Exception <a 'java/lang/NoSuchMethodError'{0x00000000fe29a440}: 'java.lang.Object java.lang.invoke.DirectMethodHandle$Holder.newInvokeSpecial(java.lang.Object, java.lang.Object, java.lang.Object, java.lang.Object, java.lang.Object, java.lang.Object, java.lang.Object, java.lang.Object, java.lang.Object, java.lang.Object, java.lang.Object, java.lang.Object, java.lang.Object, java.lang.Object, java.lang.Object, java.lang.Object, java.lang.Object, java.lang.Object, java.lang.Object, java.lang.Object, java.lang
Event: 1.601 Thread 0x00000202bf645ae0 Exception <a 'java/lang/NoSuchMethodError'{0x00000000fe2a6a48}: 'java.lang.Object java.lang.invoke.Invokers$Holder.linkToTargetMethod(java.lang.Object, java.lang.Object, java.lang.Object, java.lang.Object, java.lang.Object, java.lang.Object, java.lang.Object, java.lang.Object, java.lang.Object, java.lang.Object, java.lang.Object, java.lang.Object, java.lang.Object, java.lang.Object, java.lang.Object, java.lang.Object, java.lang.Object, java.lang.Object, java.lang.Object, java.lang.Object, java.lang.Object,
Event: 1.645 Thread 0x00000202bf645ae0 Exception <a 'java/lang/NoSuchMethodError'{0x00000000ffe03470}: 'java.lang.Object java.lang.invoke.DirectMethodHandle$Holder.invokeStaticInit(java.lang.Object, int, int, int, int)'> (0x00000000ffe03470) 
thrown [s\open\src\hotspot\share\interpreter\linkResolver.cpp, line 759]
Event: 1.724 Thread 0x00000202bf645ae0 Exception <a 'java/lang/NoSuchMethodError'{0x00000000ffe52f28}: 'java.lang.Object java.lang.invoke.DirectMethodHandle$Holder.invokeStaticInit(java.lang.Object, java.lang.Object, int, int, int, int)'> (0x00000000ffe52f28) 
thrown [s\open\src\hotspot\share\interpreter\linkResolver.cpp, line 759]
Event: 1.745 Thread 0x00000202bf645ae0 Implicit null exception at 0x00000202ceb18ed5 to 0x00000202ceb19494
Event: 1.746 Thread 0x00000202bf645ae0 Implicit null exception at 0x00000202ceb18352 to 0x00000202ceb18918
Event: 1.930 Thread 0x000002031f388cd0 Exception <a 'java/lang/NoSuchMethodError'{0x00000000ff612e20}: 'void java.lang.invoke.DirectMethodHandle$Holder.invokeStatic(java.lang.Object, long)'> (0x00000000ff612e20) 
thrown [s\open\src\hotspot\share\interpreter\linkResolver.cpp, line 759]
Event: 1.931 Thread 0x000002031f388cd0 Exception <a 'java/lang/NoSuchMethodError'{0x00000000ff618778}: 'java.lang.Object java.lang.invoke.DirectMethodHandle$Holder.newInvokeSpecial(java.lang.Object, long)'> (0x00000000ff618778) 
thrown [s\open\src\hotspot\share\interpreter\linkResolver.cpp, line 759]
Event: 1.933 Thread 0x000002031f388cd0 Exception <a 'java/lang/NoSuchMethodError'{0x00000000ff6238e0}: 'java.lang.Object java.lang.invoke.DirectMethodHandle$Holder.invokeStaticInit(java.lang.Object, java.lang.Object, long, java.lang.Object)'> (0x00000000ff6238e0) 
thrown [s\open\src\hotspot\share\interpreter\linkResolver.cpp, line 759]
Event: 1.933 Thread 0x000002031f388cd0 Exception <a 'java/lang/NoSuchMethodError'{0x00000000ff629f68}: 'java.lang.Object java.lang.invoke.DirectMethodHandle$Holder.newInvokeSpecial(java.lang.Object, java.lang.Object, long)'> (0x00000000ff629f68) 
thrown [s\open\src\hotspot\share\interpreter\linkResolver.cpp, line 759]
Event: 1.934 Thread 0x000002031f388cd0 Exception <a 'java/lang/NoSuchMethodError'{0x00000000ff62e258}: 'java.lang.Object java.lang.invoke.Invokers$Holder.linkToTargetMethod(java.lang.Object, long, java.lang.Object)'> (0x00000000ff62e258) 
thrown [s\open\src\hotspot\share\interpreter\linkResolver.cpp, line 759]

VM Operations (20 events):
Event: 102.334 Executing VM operation: Cleanup
Event: 102.334 Executing VM operation: Cleanup done
Event: 105.376 Executing VM operation: Cleanup
Event: 105.376 Executing VM operation: Cleanup done
Event: 107.393 Executing VM operation: Cleanup
Event: 107.393 Executing VM operation: Cleanup done
Event: 120.186 Executing VM operation: HandshakeAllThreads
Event: 120.186 Executing VM operation: HandshakeAllThreads done
Event: 120.186 Executing VM operation: Cleanup
Event: 120.186 Executing VM operation: Cleanup done
Event: 121.201 Executing VM operation: Cleanup
Event: 121.202 Executing VM operation: Cleanup done
Event: 128.261 Executing VM operation: Cleanup
Event: 128.261 Executing VM operation: Cleanup done
Event: 136.328 Executing VM operation: Cleanup
Event: 136.328 Executing VM operation: Cleanup done
Event: 155.490 Executing VM operation: Cleanup
Event: 155.490 Executing VM operation: Cleanup done
Event: 178.619 Executing VM operation: Cleanup
Event: 178.619 Executing VM operation: Cleanup done

Events (20 events):
Event: 94.626 loading class jdk/internal/logger/LazyLoggers$LazyLoggerFactories
Event: 94.626 loading class jdk/internal/logger/LazyLoggers$LazyLoggerFactories done
Event: 94.626 loading class jdk/internal/logger/LoggerFinderLoader
Event: 94.627 loading class jdk/internal/logger/LoggerFinderLoader done
Event: 94.627 loading class jdk/internal/logger/LoggerFinderLoader$TemporaryLoggerFinder
Event: 94.627 loading class jdk/internal/logger/LoggerFinderLoader$TemporaryLoggerFinder done
Event: 94.627 loading class sun/util/logging/internal/LoggingProviderImpl$JULWrapper
Event: 94.628 loading class sun/util/logging/PlatformLogger$ConfigurableBridge$LoggerConfiguration
Event: 94.628 loading class sun/util/logging/PlatformLogger$ConfigurableBridge$LoggerConfiguration done
Event: 94.628 loading class sun/util/logging/internal/LoggingProviderImpl$JULWrapper done
Event: 94.628 loading class java/io/ObjectInputFilter
Event: 94.628 loading class java/io/ObjectInputFilter done
Event: 94.628 loading class java/io/ObjectInputFilter$Config$BuiltinFilterFactory
Event: 94.629 loading class java/io/ObjectInputFilter$Config$BuiltinFilterFactory done
Event: 94.629 loading class jdk/internal/access/JavaObjectInputFilterAccess
Event: 94.629 loading class jdk/internal/access/JavaObjectInputFilterAccess done
Event: 94.629 loading class java/lang/System$Logger$Level
Event: 94.629 loading class java/lang/System$Logger$Level done
Event: 94.629 loading class java/io/Bits
Event: 94.629 loading class java/io/Bits done


Dynamic libraries:
0x00007ff7e5b10000 - 0x00007ff7e5b20000 	C:\Program Files\Java\jdk-17\bin\java.exe
0x00007ffd15170000 - 0x00007ffd15387000 	C:\WINDOWS\SYSTEM32\ntdll.dll
0x00007ffd130a0000 - 0x00007ffd13164000 	C:\WINDOWS\System32\KERNEL32.DLL
0x00007ffd12a20000 - 0x00007ffd12df3000 	C:\WINDOWS\System32\KERNELBASE.dll
0x00007ffd12730000 - 0x00007ffd12841000 	C:\WINDOWS\System32\ucrtbase.dll
0x00007ffced780000 - 0x00007ffced799000 	C:\Program Files\Java\jdk-17\bin\jli.dll
0x00007ffd14870000 - 0x00007ffd14921000 	C:\WINDOWS\System32\ADVAPI32.dll
0x00007ffd136d0000 - 0x00007ffd13777000 	C:\WINDOWS\System32\msvcrt.dll
0x00007ffd14740000 - 0x00007ffd147e7000 	C:\WINDOWS\System32\sechost.dll
0x00007ffd12850000 - 0x00007ffd12878000 	C:\WINDOWS\System32\bcrypt.dll
0x00007ffd14210000 - 0x00007ffd14324000 	C:\WINDOWS\System32\RPCRT4.dll
0x00007ffd13780000 - 0x00007ffd13931000 	C:\WINDOWS\System32\USER32.dll
0x00007ffd12450000 - 0x00007ffd12476000 	C:\WINDOWS\System32\win32u.dll
0x00007ffd13940000 - 0x00007ffd13969000 	C:\WINDOWS\System32\GDI32.dll
0x00007ffd12320000 - 0x00007ffd12442000 	C:\WINDOWS\System32\gdi32full.dll
0x00007ffd12900000 - 0x00007ffd1299a000 	C:\WINDOWS\System32\msvcp_win.dll
0x00007ffcf2f20000 - 0x00007ffcf31bb000 	C:\WINDOWS\WinSxS\amd64_microsoft.windows.common-controls_6595b64144ccf1df_6.0.22621.5262_none_2712bde373830908\COMCTL32.dll
0x00007ffd09840000 - 0x00007ffd0984a000 	C:\WINDOWS\SYSTEM32\VERSION.dll
0x00007ffced3a0000 - 0x00007ffced3bb000 	C:\Program Files\Java\jdk-17\bin\VCRUNTIME140.dll
0x00007ffd149a0000 - 0x00007ffd149d1000 	C:\WINDOWS\System32\IMM32.DLL
0x00007ffcf61c0000 - 0x00007ffcf61cc000 	C:\Program Files\Java\jdk-17\bin\vcruntime140_1.dll
0x00007ffcd3fc0000 - 0x00007ffcd404e000 	C:\Program Files\Java\jdk-17\bin\msvcp140.dll
0x00007ffc3dab0000 - 0x00007ffc3e691000 	C:\Program Files\Java\jdk-17\bin\server\jvm.dll
0x00007ffd146e0000 - 0x00007ffd146e8000 	C:\WINDOWS\System32\PSAPI.DLL
0x00007ffcf5fb0000 - 0x00007ffcf5fb9000 	C:\WINDOWS\SYSTEM32\WSOCK32.dll
0x00007ffd14480000 - 0x00007ffd144f1000 	C:\WINDOWS\System32\WS2_32.dll
0x00007ffd0bba0000 - 0x00007ffd0bbd4000 	C:\WINDOWS\SYSTEM32\WINMM.dll
0x00007ffd11360000 - 0x00007ffd11378000 	C:\WINDOWS\SYSTEM32\kernel.appcore.dll
0x00007ffcf5890000 - 0x00007ffcf589a000 	C:\Program Files\Java\jdk-17\bin\jimage.dll
0x00007ffd0fb80000 - 0x00007ffd0fdb2000 	C:\WINDOWS\SYSTEM32\DBGHELP.DLL
0x00007ffd14d00000 - 0x00007ffd15093000 	C:\WINDOWS\System32\combase.dll
0x00007ffd135f0000 - 0x00007ffd136c7000 	C:\WINDOWS\System32\OLEAUT32.dll
0x00007ffd08c50000 - 0x00007ffd08c82000 	C:\WINDOWS\SYSTEM32\dbgcore.DLL
0x00007ffd129a0000 - 0x00007ffd12a1b000 	C:\WINDOWS\System32\bcryptPrimitives.dll
0x00007ffcf6090000 - 0x00007ffcf60b5000 	C:\Program Files\Java\jdk-17\bin\java.dll
0x00007ffcc3fa0000 - 0x00007ffcc4077000 	C:\Program Files\Java\jdk-17\bin\jsvml.dll
0x00007ffd13970000 - 0x00007ffd1420d000 	C:\WINDOWS\System32\SHELL32.dll
0x00007ffd125f0000 - 0x00007ffd1272f000 	C:\WINDOWS\System32\wintypes.dll
0x00007ffd10160000 - 0x00007ffd10a7d000 	C:\WINDOWS\SYSTEM32\windows.storage.dll
0x00007ffd14500000 - 0x00007ffd1460b000 	C:\WINDOWS\System32\SHCORE.dll
0x00007ffd14930000 - 0x00007ffd14996000 	C:\WINDOWS\System32\shlwapi.dll
0x00007ffd12190000 - 0x00007ffd121bb000 	C:\WINDOWS\SYSTEM32\profapi.dll
0x00007ffcecbe0000 - 0x00007ffcecbf9000 	C:\Program Files\Java\jdk-17\bin\net.dll
0x00007ffd0daf0000 - 0x00007ffd0dc1c000 	C:\WINDOWS\SYSTEM32\WINHTTP.dll
0x00007ffd117d0000 - 0x00007ffd1183a000 	C:\WINDOWS\system32\mswsock.dll
0x00007ffcec210000 - 0x00007ffcec226000 	C:\Program Files\Java\jdk-17\bin\nio.dll
0x00007ffcebba0000 - 0x00007ffcebbb8000 	C:\Program Files\Java\jdk-17\bin\zip.dll
0x00007ffd052a0000 - 0x00007ffd052b0000 	C:\Program Files\Java\jdk-17\bin\verify.dll
0x00007ffcf6060000 - 0x00007ffcf606a000 	C:\Program Files\Java\jdk-17\bin\management.dll
0x00007ffcf4bc0000 - 0x00007ffcf4bcb000 	C:\Program Files\Java\jdk-17\bin\management_ext.dll
0x00007ffcf6920000 - 0x00007ffcf6947000 	C:\Users\HOME\.gradle\native\1def1411415f61bf3af743bc5b6707747c0891f09f0c88961ee8f79bc544acac\windows-amd64\native-platform.dll
0x00007ffcf98f0000 - 0x00007ffcf98fa000 	C:\Users\HOME\.gradle\native\jansi\1.18\windows64\jansi.dll
0x00007ffd10d90000 - 0x00007ffd10dbd000 	C:\WINDOWS\SYSTEM32\IPHLPAPI.DLL
0x00007ffd14470000 - 0x00007ffd14479000 	C:\WINDOWS\System32\NSI.dll
0x00007ffd0d290000 - 0x00007ffd0d2a9000 	C:\WINDOWS\SYSTEM32\dhcpcsvc6.DLL
0x00007ffd0c5d0000 - 0x00007ffd0c5ef000 	C:\WINDOWS\SYSTEM32\dhcpcsvc.DLL
0x00007ffd10dc0000 - 0x00007ffd10eb8000 	C:\WINDOWS\SYSTEM32\DNSAPI.dll
0x00007ffd11a50000 - 0x00007ffd11a6b000 	C:\WINDOWS\SYSTEM32\CRYPTSP.dll
0x00007ffd112c0000 - 0x00007ffd112f7000 	C:\WINDOWS\system32\rsaenh.dll
0x00007ffd118b0000 - 0x00007ffd118d8000 	C:\WINDOWS\SYSTEM32\USERENV.dll
0x00007ffd11a40000 - 0x00007ffd11a4c000 	C:\WINDOWS\SYSTEM32\CRYPTBASE.dll
0x00007ffcf19f0000 - 0x00007ffcf19fe000 	C:\Program Files\Java\jdk-17\bin\sunmscapi.dll
0x00007ffd12480000 - 0x00007ffd125e7000 	C:\WINDOWS\System32\CRYPT32.dll
0x00007ffd11c20000 - 0x00007ffd11c4d000 	C:\WINDOWS\SYSTEM32\ncrypt.dll
0x00007ffd11be0000 - 0x00007ffd11c17000 	C:\WINDOWS\SYSTEM32\NTASN1.dll
0x00007ffcfbb10000 - 0x00007ffcfbb18000 	C:\WINDOWS\system32\wshunix.dll

dbghelp: loaded successfully - version: 4.0.5 - missing functions: none
symbol engine: initialized successfully - sym options: 0x614 - pdb path: .;C:\Program Files\Java\jdk-17\bin;C:\WINDOWS\SYSTEM32;C:\WINDOWS\WinSxS\amd64_microsoft.windows.common-controls_6595b64144ccf1df_6.0.22621.5262_none_2712bde373830908;C:\Program Files\Java\jdk-17\bin\server;C:\Users\HOME\.gradle\native\1def1411415f61bf3af743bc5b6707747c0891f09f0c88961ee8f79bc544acac\windows-amd64;C:\Users\HOME\.gradle\native\jansi\1.18\windows64

VM Arguments:
jvm_args: -Xmx64m -Xms64m -Dorg.gradle.appname=gradlew 
java_command: org.gradle.wrapper.GradleWrapperMain app:installDebug -PreactNativeDevServerPort=8081
java_class_path (initial): D:\Sein\Groo\android\\gradle\wrapper\gradle-wrapper.jar
Launcher Type: SUN_STANDARD

[Global flags]
     intx CICompilerCount                          = 12                                        {product} {ergonomic}
     uint ConcGCThreads                            = 3                                         {product} {ergonomic}
     uint G1ConcRefinementThreads                  = 13                                        {product} {ergonomic}
   size_t G1HeapRegionSize                         = 1048576                                   {product} {ergonomic}
    uintx GCDrainStackTargetSize                   = 64                                        {product} {ergonomic}
   size_t InitialHeapSize                          = 67108864                                  {product} {command line}
   size_t MarkStackSize                            = 4194304                                   {product} {ergonomic}
   size_t MaxHeapSize                              = 67108864                                  {product} {command line}
   size_t MaxNewSize                               = 39845888                                  {product} {ergonomic}
   size_t MinHeapDeltaBytes                        = 1048576                                   {product} {ergonomic}
   size_t MinHeapSize                              = 67108864                                  {product} {command line}
    uintx NonNMethodCodeHeapSize                   = 7602480                                {pd product} {ergonomic}
    uintx NonProfiledCodeHeapSize                  = 122027880                              {pd product} {ergonomic}
    uintx ProfiledCodeHeapSize                     = 122027880                              {pd product} {ergonomic}
    uintx ReservedCodeCacheSize                    = 251658240                              {pd product} {ergonomic}
     bool SegmentedCodeCache                       = true                                      {product} {ergonomic}
   size_t SoftMaxHeapSize                          = 67108864                               {manageable} {ergonomic}
     bool UseCompressedClassPointers               = true                           {product lp64_product} {ergonomic}
     bool UseCompressedOops                        = true                           {product lp64_product} {ergonomic}
     bool UseG1GC                                  = true                                      {product} {ergonomic}
     bool UseLargePagesIndividualAllocation        = false                                  {pd product} {ergonomic}

Logging:
Log output configuration:
 #0: stdout all=warning uptime,level,tags
 #1: stderr all=off uptime,level,tags

Environment Variables:
JAVA_HOME=C:\Program Files\Java\jdk-17
CLASSPATH=D:\Sein\Groo\android\\gradle\wrapper\gradle-wrapper.jar
PATH=D:\Sein\Groo\node_modules\.bin;D:\Sein\node_modules\.bin;D:\node_modules\.bin;C:\Program Files\nodejs\node_modules\npm\node_modules\@npmcli\run-script\lib\node-gyp-bin;C:\Program Files\Java\jdk-17\bin;C:\Program Files (x86)\VMware\VMware Workstation\bin\;C:\Program Files\Common Files\Oracle\Java\javapath;C:\Windows\system32;C:\Windows;C:\Windows\System32\Wbem;C:\Windows\System32\WindowsPowerShell\v1.0\;C:\Windows\System32\OpenSSH\;C:\Program Files (x86)\NVIDIA Corporation\PhysX\Common;C:\Program Files\NVIDIA Corporation\NVIDIA NvDLISR;C:\WINDOWS\system32;C:\WINDOWS;C:\WINDOWS\System32\Wbem;C:\WINDOWS\System32\WindowsPowerShell\v1.0\;C:\WINDOWS\System32\OpenSSH\;C:\Program Files\nodejs\;C:\Program Files\Git\cmd;D:\flutter\bin;D:\Android_Sdk\platform-tools;D:\Android_Sdk\emulator;D:\Android_Sdk\build-tools;D:\Android_Sdk\tools;C:\Users\HOME\AppData\Local\jdk-11.0.2\bin;C:\Users\HOME\AppData\Local\Programs\Python\Python311\Scripts\;C:\Users\HOME\AppData\Local\Programs\Python\Python311\;C:\Users\HOME\AppData\Local\Microsoft\WindowsApps;;C:\Users\HOME\AppData\Local\Programs\Microsoft VS Code\bin;C:\Users\HOME\AppData\Roaming\npm;c:\Users\HOME\.vscode\extensions\ms-python.debugpy-2025.6.0-win32-x64\bundled\scripts\noConfigScripts
USERNAME=HOME
LANG=en_US.UTF-8
OS=Windows_NT
PROCESSOR_IDENTIFIER=Intel64 Family 6 Model 154 Stepping 3, GenuineIntel



---------------  S Y S T E M  ---------------

OS:
 Windows 11 , 64 bit Build 22621 (10.0.22621.5262)
OS uptime: 3 days 20:01 hours
Hyper-V role detected

CPU: total 16 (initial active 16) (8 cores per cpu, 2 threads per core) family 6 model 154 stepping 3 microcode 0x41e, cx8, cmov, fxsr, ht, mmx, 3dnowpref, sse, sse2, sse3, ssse3, sse4.1, sse4.2, popcnt, lzcnt, tsc, tscinvbit, avx, avx2, aes, erms, clmul, bmi1, bmi2, adx, sha, fma, vzeroupper, clflush, clflushopt, clwb, hv

Memory: 4k page, system-wide physical 16068M (550M free)
TotalPageFile size 44038M (AvailPageFile size 166M)
current process WorkingSet (physical memory assigned to process): 107M, peak: 121M
current process commit charge ("private bytes"): 179M, peak: 195M

vm_info: Java HotSpot(TM) 64-Bit Server VM (17.0.15+9-LTS-241) for windows-amd64 JRE (17.0.15+9-LTS-241), built on Feb 20 2025 10:49:54 by "mach5one" with MS VC++ 17.6 (VS2022)

END.
