#
# There is insufficient memory for the Java Runtime Environment to continue.
# Native memory allocation (malloc) failed to allocate 32784 bytes for Chunk::new
# Possible reasons:
#   The system is out of physical RAM or swap space
#   The process is running with CompressedOops enabled, and the Java Heap may be blocking the growth of the native heap
# Possible solutions:
#   Reduce memory load on the system
#   Increase physical memory or swap space
#   Check if swap backing store is full
#   Decrease Java heap size (-Xmx/-Xms)
#   Decrease number of Java threads
#   Decrease Java thread stack sizes (-Xss)
#   Set larger code cache with -XX:ReservedCodeCacheSize=
#   JVM is running with Unscaled Compressed Oops mode in which the Java heap is
#     placed in the first 4GB address space. The Java Heap base address is the
#     maximum limit for the native heap growth. Please use -XX:HeapBaseMinAddress
#     to set the Java Heap base and to place the Java Heap above 4GB virtual address.
# This output file may be truncated or incomplete.
#
#  Out of Memory Error (arena.cpp:189), pid=37520, tid=27336
#
# JRE version: Java(TM) SE Runtime Environment (17.0.15+9) (build 17.0.15+9-LTS-241)
# Java VM: Java HotSpot(TM) 64-Bit Server VM (17.0.15+9-LTS-241, mixed mode, sharing, tiered, compressed oops, compressed class ptrs, g1 gc, windows-amd64)
# No core dump will be written. Minidumps are not enabled by default on client versions of Windows
#

---------------  S U M M A R Y ------------

Command Line: -Xmx64m -Xms64m -Dorg.gradle.appname=gradlew org.gradle.wrapper.GradleWrapperMain app:installDebug -PreactNativeDevServerPort=8081

Host: 12th Gen Intel(R) Core(TM) i5-1240P, 16 cores, 15G,  Windows 11 , 64 bit Build 22621 (10.0.22621.5262)
Time: Mon Jul 14 19:27:25 2025  Windows 11 , 64 bit Build 22621 (10.0.22621.5262) elapsed time: 512.139439 seconds (0d 0h 8m 32s)

---------------  T H R E A D  ---------------

Current thread (0x0000022d56913840):  JavaThread "C2 CompilerThread0" daemon [_thread_in_native, id=27336, stack(0x000000e682b00000,0x000000e682c00000)]


Current CompileTask:
C2: 512139 2139   !   4       org.gradle.internal.logging.console.DefaultAnsiExecutor::write (28 bytes)

Stack: [0x000000e682b00000,0x000000e682c00000]
Native frames: (J=compiled Java code, j=interpreted, Vv=VM code, C=native code)
V  [jvm.dll+0x67a46a]
V  [jvm.dll+0x7da6ad]
V  [jvm.dll+0x7dbff3]
V  [jvm.dll+0x7dc663]
V  [jvm.dll+0x24523f]
V  [jvm.dll+0xab763]
V  [jvm.dll+0xabd2c]
V  [jvm.dll+0xab874]
V  [jvm.dll+0x65924c]
V  [jvm.dll+0x608616]
V  [jvm.dll+0x60d947]
V  [jvm.dll+0x60e78c]
V  [jvm.dll+0x60cc6a]
V  [jvm.dll+0x21686e]
V  [jvm.dll+0x215e1f]
V  [jvm.dll+0x1a2a00]
V  [jvm.dll+0x2262bb]
V  [jvm.dll+0x22445b]
V  [jvm.dll+0x790acc]
V  [jvm.dll+0x78b0ba]
V  [jvm.dll+0x679355]
C  [ucrtbase.dll+0x29333]
C  [KERNEL32.DLL+0x1259d]
C  [ntdll.dll+0x5af58]


---------------  P R O C E S S  ---------------

Threads class SMR info:
_java_thread_list=0x0000022d9cda3630, length=13, elements={
0x0000022d3c6a47f0, 0x0000022d3c764050, 0x0000022d3c764ec0, 0x0000022d5690baa0,
0x0000022d5690c560, 0x0000022d5690f030, 0x0000022d569120a0, 0x0000022d56913840,
0x0000022d56914550, 0x0000022d56919080, 0x0000022d56b69c60, 0x0000022d56b715a0,
0x0000022d9c4f05f0
}

Java Threads: ( => current thread )
  0x0000022d3c6a47f0 JavaThread "main" [_thread_in_native, id=6564, stack(0x000000e681e00000,0x000000e681f00000)]
  0x0000022d3c764050 JavaThread "Reference Handler" daemon [_thread_blocked, id=32816, stack(0x000000e682500000,0x000000e682600000)]
  0x0000022d3c764ec0 JavaThread "Finalizer" daemon [_thread_blocked, id=25564, stack(0x000000e682600000,0x000000e682700000)]
  0x0000022d5690baa0 JavaThread "Signal Dispatcher" daemon [_thread_blocked, id=31492, stack(0x000000e682700000,0x000000e682800000)]
  0x0000022d5690c560 JavaThread "Attach Listener" daemon [_thread_blocked, id=30976, stack(0x000000e682800000,0x000000e682900000)]
  0x0000022d5690f030 JavaThread "Service Thread" daemon [_thread_blocked, id=14220, stack(0x000000e682900000,0x000000e682a00000)]
  0x0000022d569120a0 JavaThread "Monitor Deflation Thread" daemon [_thread_blocked, id=33172, stack(0x000000e682a00000,0x000000e682b00000)]
=>0x0000022d56913840 JavaThread "C2 CompilerThread0" daemon [_thread_in_native, id=27336, stack(0x000000e682b00000,0x000000e682c00000)]
  0x0000022d56914550 JavaThread "C1 CompilerThread0" daemon [_thread_blocked, id=37324, stack(0x000000e682c00000,0x000000e682d00000)]
  0x0000022d56919080 JavaThread "Sweeper thread" daemon [_thread_blocked, id=25212, stack(0x000000e682d00000,0x000000e682e00000)]
  0x0000022d56b69c60 JavaThread "Notification Thread" daemon [_thread_blocked, id=33964, stack(0x000000e683100000,0x000000e683200000)]
  0x0000022d56b715a0 JavaThread "Common-Cleaner" daemon [_thread_blocked, id=28364, stack(0x000000e683300000,0x000000e683400000)]
  0x0000022d9c4f05f0 JavaThread "pool-1-thread-1" [_thread_blocked, id=23152, stack(0x000000e683800000,0x000000e683900000)]

Other Threads:
  0x0000022d3c75eca0 VMThread "VM Thread" [stack: 0x000000e682400000,0x000000e682500000] [id=42328]
  0x0000022d56b71160 WatcherThread [stack: 0x000000e683200000,0x000000e683300000] [id=44660]
  0x0000022d3c6c7f70 GCTaskThread "GC Thread#0" [stack: 0x000000e681f00000,0x000000e682000000] [id=41132]
  0x0000022d9c0abb10 GCTaskThread "GC Thread#1" [stack: 0x000000e683500000,0x000000e683600000] [id=42992]
  0x0000022d56e6d620 GCTaskThread "GC Thread#2" [stack: 0x000000e683600000,0x000000e683700000] [id=36340]
  0x0000022d9c0df9e0 GCTaskThread "GC Thread#3" [stack: 0x000000e683700000,0x000000e683800000] [id=42224]
  0x0000022d9cc2aa20 GCTaskThread "GC Thread#4" [stack: 0x000000e683400000,0x000000e683500000] [id=45404]
  0x0000022d9c86b6b0 GCTaskThread "GC Thread#5" [stack: 0x000000e683900000,0x000000e683a00000] [id=12536]
  0x0000022d9cd14390 GCTaskThread "GC Thread#6" [stack: 0x000000e683a00000,0x000000e683b00000] [id=37600]
  0x0000022d3c6c96c0 ConcurrentGCThread "G1 Main Marker" [stack: 0x000000e682000000,0x000000e682100000] [id=7964]
  0x0000022d3c6cc0f0 ConcurrentGCThread "G1 Conc#0" [stack: 0x000000e682100000,0x000000e682200000] [id=33824]
  0x0000022d3c7425c0 ConcurrentGCThread "G1 Refine#0" [stack: 0x000000e682200000,0x000000e682300000] [id=32428]
  0x0000022d3c742ff0 ConcurrentGCThread "G1 Service" [stack: 0x000000e682300000,0x000000e682400000] [id=34100]

Threads with active compile tasks:
C2 CompilerThread0   512196 2139   !   4       org.gradle.internal.logging.console.DefaultAnsiExecutor::write (28 bytes)

VM state: not at safepoint (normal execution)

VM Mutex/Monitor currently owned by a thread: None

Heap address: 0x00000000fc000000, size: 64 MB, Compressed Oops mode: 32-bit

CDS archive(s) mapped at: [0x0000022d57000000-0x0000022d57bd0000-0x0000022d57bd0000), size 12386304, SharedBaseAddress: 0x0000022d57000000, ArchiveRelocationMode: 1.
Compressed class space mapped at: 0x0000022d58000000-0x0000022d98000000, reserved size: 1073741824
Narrow klass base: 0x0000022d57000000, Narrow klass shift: 0, Narrow klass range: 0x100000000

GC Precious Log:
 CPUs: 16 total, 16 available
 Memory: 16068M
 Large Page Support: Disabled
 NUMA Support: Disabled
 Compressed Oops: Enabled (32-bit)
 Heap Region Size: 1M
 Heap Min Capacity: 64M
 Heap Initial Capacity: 64M
 Heap Max Capacity: 64M
 Pre-touch: Disabled
 Parallel Workers: 13
 Concurrent Workers: 3
 Concurrent Refinement Workers: 13
 Periodic GC: Disabled

Heap:
 garbage-first heap   total 65536K, used 24436K [0x00000000fc000000, 0x0000000100000000)
  region size 1024K, 18 young (18432K), 4 survivors (4096K)
 Metaspace       used 9699K, committed 9920K, reserved 1114112K
  class space    used 1264K, committed 1344K, reserved 1048576K

Heap Regions: E=young(eden), S=young(survivor), O=old, HS=humongous(starts), HC=humongous(continues), CS=collection set, F=free, OA=open archive, CA=closed archive, TAMS=top-at-mark-start (previous, next)
|   0|0x00000000fc000000, 0x00000000fc100000, 0x00000000fc100000|100%|HS|  |TAMS 0x00000000fc000000, 0x00000000fc000000| Complete 
|   1|0x00000000fc100000, 0x00000000fc200000, 0x00000000fc200000|100%|HC|  |TAMS 0x00000000fc100000, 0x00000000fc100000| Complete 
|   2|0x00000000fc200000, 0x00000000fc300000, 0x00000000fc300000|100%|HC|  |TAMS 0x00000000fc200000, 0x00000000fc200000| Complete 
|   3|0x00000000fc300000, 0x00000000fc400000, 0x00000000fc400000|100%| O|  |TAMS 0x00000000fc300000, 0x00000000fc300000| Untracked 
|   4|0x00000000fc400000, 0x00000000fc500000, 0x00000000fc500000|100%| O|  |TAMS 0x00000000fc400000, 0x00000000fc400000| Untracked 
|   5|0x00000000fc500000, 0x00000000fc600000, 0x00000000fc600000|100%| O|  |TAMS 0x00000000fc500000, 0x00000000fc500000| Untracked 
|   6|0x00000000fc600000, 0x00000000fc6dd000, 0x00000000fc700000| 86%| O|  |TAMS 0x00000000fc600000, 0x00000000fc600000| Untracked 
|   7|0x00000000fc700000, 0x00000000fc700000, 0x00000000fc800000|  0%| F|  |TAMS 0x00000000fc700000, 0x00000000fc700000| Untracked 
|   8|0x00000000fc800000, 0x00000000fc800000, 0x00000000fc900000|  0%| F|  |TAMS 0x00000000fc800000, 0x00000000fc800000| Untracked 
|   9|0x00000000fc900000, 0x00000000fc900000, 0x00000000fca00000|  0%| F|  |TAMS 0x00000000fc900000, 0x00000000fc900000| Untracked 
|  10|0x00000000fca00000, 0x00000000fca00000, 0x00000000fcb00000|  0%| F|  |TAMS 0x00000000fca00000, 0x00000000fca00000| Untracked 
|  11|0x00000000fcb00000, 0x00000000fcb00000, 0x00000000fcc00000|  0%| F|  |TAMS 0x00000000fcb00000, 0x00000000fcb00000| Untracked 
|  12|0x00000000fcc00000, 0x00000000fcc00000, 0x00000000fcd00000|  0%| F|  |TAMS 0x00000000fcc00000, 0x00000000fcc00000| Untracked 
|  13|0x00000000fcd00000, 0x00000000fcd00000, 0x00000000fce00000|  0%| F|  |TAMS 0x00000000fcd00000, 0x00000000fcd00000| Untracked 
|  14|0x00000000fce00000, 0x00000000fce00000, 0x00000000fcf00000|  0%| F|  |TAMS 0x00000000fce00000, 0x00000000fce00000| Untracked 
|  15|0x00000000fcf00000, 0x00000000fcf00000, 0x00000000fd000000|  0%| F|  |TAMS 0x00000000fcf00000, 0x00000000fcf00000| Untracked 
|  16|0x00000000fd000000, 0x00000000fd000000, 0x00000000fd100000|  0%| F|  |TAMS 0x00000000fd000000, 0x00000000fd000000| Untracked 
|  17|0x00000000fd100000, 0x00000000fd100000, 0x00000000fd200000|  0%| F|  |TAMS 0x00000000fd100000, 0x00000000fd100000| Untracked 
|  18|0x00000000fd200000, 0x00000000fd200000, 0x00000000fd300000|  0%| F|  |TAMS 0x00000000fd200000, 0x00000000fd200000| Untracked 
|  19|0x00000000fd300000, 0x00000000fd300000, 0x00000000fd400000|  0%| F|  |TAMS 0x00000000fd300000, 0x00000000fd300000| Untracked 
|  20|0x00000000fd400000, 0x00000000fd400000, 0x00000000fd500000|  0%| F|  |TAMS 0x00000000fd400000, 0x00000000fd400000| Untracked 
|  21|0x00000000fd500000, 0x00000000fd500000, 0x00000000fd600000|  0%| F|  |TAMS 0x00000000fd500000, 0x00000000fd500000| Untracked 
|  22|0x00000000fd600000, 0x00000000fd600000, 0x00000000fd700000|  0%| F|  |TAMS 0x00000000fd600000, 0x00000000fd600000| Untracked 
|  23|0x00000000fd700000, 0x00000000fd700000, 0x00000000fd800000|  0%| F|  |TAMS 0x00000000fd700000, 0x00000000fd700000| Untracked 
|  24|0x00000000fd800000, 0x00000000fd800000, 0x00000000fd900000|  0%| F|  |TAMS 0x00000000fd800000, 0x00000000fd800000| Untracked 
|  25|0x00000000fd900000, 0x00000000fd900000, 0x00000000fda00000|  0%| F|  |TAMS 0x00000000fd900000, 0x00000000fd900000| Untracked 
|  26|0x00000000fda00000, 0x00000000fda00000, 0x00000000fdb00000|  0%| F|  |TAMS 0x00000000fda00000, 0x00000000fda00000| Untracked 
|  27|0x00000000fdb00000, 0x00000000fdb00000, 0x00000000fdc00000|  0%| F|  |TAMS 0x00000000fdb00000, 0x00000000fdb00000| Untracked 
|  28|0x00000000fdc00000, 0x00000000fdc00000, 0x00000000fdd00000|  0%| F|  |TAMS 0x00000000fdc00000, 0x00000000fdc00000| Untracked 
|  29|0x00000000fdd00000, 0x00000000fde00000, 0x00000000fde00000|100%| S|CS|TAMS 0x00000000fdd00000, 0x00000000fdd00000| Complete 
|  30|0x00000000fde00000, 0x00000000fdf00000, 0x00000000fdf00000|100%| S|CS|TAMS 0x00000000fde00000, 0x00000000fde00000| Complete 
|  31|0x00000000fdf00000, 0x00000000fe000000, 0x00000000fe000000|100%| S|CS|TAMS 0x00000000fdf00000, 0x00000000fdf00000| Complete 
|  32|0x00000000fe000000, 0x00000000fe100000, 0x00000000fe100000|100%| S|CS|TAMS 0x00000000fe000000, 0x00000000fe000000| Complete 
|  33|0x00000000fe100000, 0x00000000fe100000, 0x00000000fe200000|  0%| F|  |TAMS 0x00000000fe100000, 0x00000000fe100000| Untracked 
|  34|0x00000000fe200000, 0x00000000fe200000, 0x00000000fe300000|  0%| F|  |TAMS 0x00000000fe200000, 0x00000000fe200000| Untracked 
|  35|0x00000000fe300000, 0x00000000fe300000, 0x00000000fe400000|  0%| F|  |TAMS 0x00000000fe300000, 0x00000000fe300000| Untracked 
|  36|0x00000000fe400000, 0x00000000fe400000, 0x00000000fe500000|  0%| F|  |TAMS 0x00000000fe400000, 0x00000000fe400000| Untracked 
|  37|0x00000000fe500000, 0x00000000fe500000, 0x00000000fe600000|  0%| F|  |TAMS 0x00000000fe500000, 0x00000000fe500000| Untracked 
|  38|0x00000000fe600000, 0x00000000fe600000, 0x00000000fe700000|  0%| F|  |TAMS 0x00000000fe600000, 0x00000000fe600000| Untracked 
|  39|0x00000000fe700000, 0x00000000fe700000, 0x00000000fe800000|  0%| F|  |TAMS 0x00000000fe700000, 0x00000000fe700000| Untracked 
|  40|0x00000000fe800000, 0x00000000fe800000, 0x00000000fe900000|  0%| F|  |TAMS 0x00000000fe800000, 0x00000000fe800000| Untracked 
|  41|0x00000000fe900000, 0x00000000fe900000, 0x00000000fea00000|  0%| F|  |TAMS 0x00000000fe900000, 0x00000000fe900000| Untracked 
|  42|0x00000000fea00000, 0x00000000fea00000, 0x00000000feb00000|  0%| F|  |TAMS 0x00000000fea00000, 0x00000000fea00000| Untracked 
|  43|0x00000000feb00000, 0x00000000feb00000, 0x00000000fec00000|  0%| F|  |TAMS 0x00000000feb00000, 0x00000000feb00000| Untracked 
|  44|0x00000000fec00000, 0x00000000fec00000, 0x00000000fed00000|  0%| F|  |TAMS 0x00000000fec00000, 0x00000000fec00000| Untracked 
|  45|0x00000000fed00000, 0x00000000fed00000, 0x00000000fee00000|  0%| F|  |TAMS 0x00000000fed00000, 0x00000000fed00000| Untracked 
|  46|0x00000000fee00000, 0x00000000fee00000, 0x00000000fef00000|  0%| F|  |TAMS 0x00000000fee00000, 0x00000000fee00000| Untracked 
|  47|0x00000000fef00000, 0x00000000fef00000, 0x00000000ff000000|  0%| F|  |TAMS 0x00000000fef00000, 0x00000000fef00000| Untracked 
|  48|0x00000000ff000000, 0x00000000ff000000, 0x00000000ff100000|  0%| F|  |TAMS 0x00000000ff000000, 0x00000000ff000000| Untracked 
|  49|0x00000000ff100000, 0x00000000ff100000, 0x00000000ff200000|  0%| F|  |TAMS 0x00000000ff100000, 0x00000000ff100000| Untracked 
|  50|0x00000000ff200000, 0x00000000ff2f5468, 0x00000000ff300000| 95%| E|  |TAMS 0x00000000ff200000, 0x00000000ff200000| Complete 
|  51|0x00000000ff300000, 0x00000000ff400000, 0x00000000ff400000|100%| E|CS|TAMS 0x00000000ff300000, 0x00000000ff300000| Complete 
|  52|0x00000000ff400000, 0x00000000ff500000, 0x00000000ff500000|100%| E|CS|TAMS 0x00000000ff400000, 0x00000000ff400000| Complete 
|  53|0x00000000ff500000, 0x00000000ff600000, 0x00000000ff600000|100%| E|CS|TAMS 0x00000000ff500000, 0x00000000ff500000| Complete 
|  54|0x00000000ff600000, 0x00000000ff700000, 0x00000000ff700000|100%| E|CS|TAMS 0x00000000ff600000, 0x00000000ff600000| Complete 
|  55|0x00000000ff700000, 0x00000000ff800000, 0x00000000ff800000|100%| E|CS|TAMS 0x00000000ff700000, 0x00000000ff700000| Complete 
|  56|0x00000000ff800000, 0x00000000ff900000, 0x00000000ff900000|100%| E|CS|TAMS 0x00000000ff800000, 0x00000000ff800000| Complete 
|  57|0x00000000ff900000, 0x00000000ffa00000, 0x00000000ffa00000|100%| E|CS|TAMS 0x00000000ff900000, 0x00000000ff900000| Complete 
|  58|0x00000000ffa00000, 0x00000000ffb00000, 0x00000000ffb00000|100%| E|CS|TAMS 0x00000000ffa00000, 0x00000000ffa00000| Complete 
|  59|0x00000000ffb00000, 0x00000000ffc00000, 0x00000000ffc00000|100%| E|CS|TAMS 0x00000000ffb00000, 0x00000000ffb00000| Complete 
|  60|0x00000000ffc00000, 0x00000000ffd00000, 0x00000000ffd00000|100%| E|CS|TAMS 0x00000000ffc00000, 0x00000000ffc00000| Complete 
|  61|0x00000000ffd00000, 0x00000000ffe00000, 0x00000000ffe00000|100%| E|CS|TAMS 0x00000000ffd00000, 0x00000000ffd00000| Complete 
|  62|0x00000000ffe00000, 0x00000000fff00000, 0x00000000fff00000|100%| E|CS|TAMS 0x00000000ffe00000, 0x00000000ffe00000| Complete 
|  63|0x00000000fff00000, 0x0000000100000000, 0x0000000100000000|100%| E|CS|TAMS 0x00000000fff00000, 0x00000000fff00000| Complete 

Card table byte_map: [0x0000022d3c5f0000,0x0000022d3c610000] _byte_map_base: 0x0000022d3be10000

Marking Bits (Prev, Next): (CMBitMap*) 0x0000022d3c6c8590, (CMBitMap*) 0x0000022d3c6c85d0
 Prev Bits: [0x0000022d53810000, 0x0000022d53910000)
 Next Bits: [0x0000022d53910000, 0x0000022d53a10000)

Polling page: 0x0000022d3be70000

Metaspace:

Usage:
  Non-class:      8.24 MB used.
      Class:      1.23 MB used.
       Both:      9.47 MB used.

Virtual space:
  Non-class space:       64.00 MB reserved,       8.38 MB ( 13%) committed,  1 nodes.
      Class space:        1.00 GB reserved,       1.31 MB ( <1%) committed,  1 nodes.
             Both:        1.06 GB reserved,       9.69 MB ( <1%) committed. 

Chunk freelists:
   Non-Class:  7.64 MB
       Class:  14.63 MB
        Both:  22.27 MB

MaxMetaspaceSize: unlimited
CompressedClassSpaceSize: 1.00 GB
Initial GC threshold: 21.00 MB
Current GC threshold: 21.00 MB
CDS: on
MetaspaceReclaimPolicy: balanced
 - commit_granule_bytes: 65536.
 - commit_granule_words: 8192.
 - virtual_space_node_default_size: 8388608.
 - enlarge_chunks_in_place: 1.
 - new_chunks_are_fully_committed: 0.
 - uncommit_free_chunks: 1.
 - use_allocation_guard: 0.
 - handle_deallocations: 1.


Internal statistics:

num_allocs_failed_limit: 0.
num_arena_births: 80.
num_arena_deaths: 0.
num_vsnodes_births: 2.
num_vsnodes_deaths: 0.
num_space_committed: 155.
num_space_uncommitted: 0.
num_chunks_returned_to_freelist: 0.
num_chunks_taken_from_freelist: 342.
num_chunk_merges: 0.
num_chunk_splits: 231.
num_chunks_enlarged: 188.
num_inconsistent_stats: 0.

CodeHeap 'non-profiled nmethods': size=119168Kb used=960Kb max_used=960Kb free=118207Kb
 bounds [0x0000022d4bb30000, 0x0000022d4bda0000, 0x0000022d52f90000]
CodeHeap 'profiled nmethods': size=119104Kb used=3989Kb max_used=3989Kb free=115115Kb
 bounds [0x0000022d43f90000, 0x0000022d44380000, 0x0000022d4b3e0000]
CodeHeap 'non-nmethods': size=7488Kb used=1182Kb max_used=2892Kb free=6306Kb
 bounds [0x0000022d4b3e0000, 0x0000022d4b6c0000, 0x0000022d4bb30000]
 total_blobs=2611 nmethods=2138 adapters=385
 compilation: enabled
              stopped_count=0, restarted_count=0
 full_count=0

Compilation events (20 events):
Event: 393.104 Thread 0x0000022d56913840 nmethod 2129 0x0000022d4bc16510 code [0x0000022d4bc16880, 0x0000022d4bc18988]
Event: 393.104 Thread 0x0000022d56913840 2130       4       org.gradle.internal.logging.sink.GroupingProgressLogEventGenerator::onOutput (108 bytes)
Event: 393.148 Thread 0x0000022d56913840 nmethod 2130 0x0000022d4bc19d90 code [0x0000022d4bc1a0e0, 0x0000022d4bc1c128]
Event: 394.003 Thread 0x0000022d56914550 2131       3       org.gradle.internal.logging.console.MultiLineBuildProgressArea::getHeight (10 bytes)
Event: 394.004 Thread 0x0000022d56914550 nmethod 2131 0x0000022d44374f90 code [0x0000022d44375140, 0x0000022d44375308]
Event: 395.110 Thread 0x0000022d56913840 2132       4       org.gradle.internal.logging.events.StyledTextOutputEvent$Span::equals (63 bytes)
Event: 395.111 Thread 0x0000022d56913840 nmethod 2132 0x0000022d4bc1d410 code [0x0000022d4bc1d5a0, 0x0000022d4bc1d818]
Event: 401.510 Thread 0x0000022d56913840 2133       4       java.util.ArrayList::clear (43 bytes)
Event: 401.514 Thread 0x0000022d56913840 nmethod 2133 0x0000022d4bc1d990 code [0x0000022d4bc1db00, 0x0000022d4bc1dc58]
Event: 416.803 Thread 0x0000022d56913840 2134       4       com.google.common.collect.TransformedIterator::hasNext (10 bytes)
Event: 416.813 Thread 0x0000022d56913840 nmethod 2134 0x0000022d4bc1dd10 code [0x0000022d4bc1dec0, 0x0000022d4bc1e7b8]
Event: 447.201 Thread 0x0000022d56913840 2135       4       java.lang.StringCoding::implEncodeAsciiArray (47 bytes)
Event: 447.205 Thread 0x0000022d56913840 nmethod 2135 0x0000022d4bc1eb10 code [0x0000022d4bc1ec80, 0x0000022d4bc1f058]
Event: 451.007 Thread 0x0000022d56913840 2136       4       java.util.concurrent.TimeUnit::toMillis (69 bytes)
Event: 451.008 Thread 0x0000022d56913840 nmethod 2136 0x0000022d4bc1f190 code [0x0000022d4bc1f300, 0x0000022d4bc1f3f8]
Event: 472.003 Thread 0x0000022d56913840 2137       4       org.gradle.internal.logging.console.DefaultAnsiExecutor::positionCursorAt (181 bytes)
Event: 472.005 Thread 0x0000022d56913840 nmethod 2137 0x0000022d4bc1f490 code [0x0000022d4bc1f640, 0x0000022d4bc1f888]
Event: 480.112 Thread 0x0000022d56913840 2138  s    4       java.io.BufferedOutputStream::flush (12 bytes)
Event: 480.113 Thread 0x0000022d56913840 nmethod 2138 0x0000022d4bc1fb10 code [0x0000022d4bc1fca0, 0x0000022d4bc1ffe8]
Event: 512.108 Thread 0x0000022d56913840 2139   !   4       org.gradle.internal.logging.console.DefaultAnsiExecutor::write (28 bytes)

GC Heap History (4 events):
Event: 0.546 GC heap before
{Heap before GC invocations=0 (full 0):
 garbage-first heap   total 65536K, used 22528K [0x00000000fc000000, 0x0000000100000000)
  region size 1024K, 23 young (23552K), 0 survivors (0K)
 Metaspace       used 1803K, committed 1920K, reserved 1114112K
  class space    used 162K, committed 192K, reserved 1048576K
}
Event: 0.550 GC heap after
{Heap after GC invocations=1 (full 0):
 garbage-first heap   total 65536K, used 2048K [0x00000000fc000000, 0x0000000100000000)
  region size 1024K, 2 young (2048K), 2 survivors (2048K)
 Metaspace       used 1803K, committed 1920K, reserved 1114112K
  class space    used 162K, committed 192K, reserved 1048576K
}
Event: 1.797 GC heap before
{Heap before GC invocations=1 (full 0):
 garbage-first heap   total 65536K, used 34816K [0x00000000fc000000, 0x0000000100000000)
  region size 1024K, 31 young (31744K), 2 survivors (2048K)
 Metaspace       used 7457K, committed 7616K, reserved 1114112K
  class space    used 1012K, committed 1088K, reserved 1048576K
}
Event: 1.802 GC heap after
{Heap after GC invocations=2 (full 0):
 garbage-first heap   total 65536K, used 11124K [0x00000000fc000000, 0x0000000100000000)
  region size 1024K, 4 young (4096K), 4 survivors (4096K)
 Metaspace       used 7457K, committed 7616K, reserved 1114112K
  class space    used 1012K, committed 1088K, reserved 1048576K
}

Deoptimization events (20 events):
Event: 1.995 Thread 0x0000022d3c6a47f0 DEOPT PACKING pc=0x0000022d4bb690f4 sp=0x000000e681efc210
Event: 1.995 Thread 0x0000022d3c6a47f0 DEOPT UNPACKING pc=0x0000022d4b4323a3 sp=0x000000e681efc1a8 mode 2
Event: 1.995 Thread 0x0000022d3c6a47f0 Uncommon trap: trap_request=0xffffffde fr.pc=0x0000022d4bb69454 relative=0x00000000000000b4
Event: 1.995 Thread 0x0000022d3c6a47f0 Uncommon trap: reason=class_check action=maybe_recompile pc=0x0000022d4bb69454 method=java.util.AbstractList$Itr.next()Ljava/lang/Object; @ 14 c2
Event: 1.995 Thread 0x0000022d3c6a47f0 DEOPT PACKING pc=0x0000022d4bb69454 sp=0x000000e681efc200
Event: 1.995 Thread 0x0000022d3c6a47f0 DEOPT UNPACKING pc=0x0000022d4b4323a3 sp=0x000000e681efc198 mode 2
Event: 2.038 Thread 0x0000022d3c6a47f0 Uncommon trap: trap_request=0xffffff45 fr.pc=0x0000022d4bb3aafc relative=0x000000000000007c
Event: 2.038 Thread 0x0000022d3c6a47f0 Uncommon trap: reason=unstable_if action=reinterpret pc=0x0000022d4bb3aafc method=java.lang.String.charAt(I)C @ 4 c2
Event: 2.038 Thread 0x0000022d3c6a47f0 DEOPT PACKING pc=0x0000022d4bb3aafc sp=0x000000e681efd140
Event: 2.038 Thread 0x0000022d3c6a47f0 DEOPT UNPACKING pc=0x0000022d4b4323a3 sp=0x000000e681efd0e0 mode 2
Event: 2.039 Thread 0x0000022d3c6a47f0 Uncommon trap: trap_request=0xffffffde fr.pc=0x0000022d4bb690f4 relative=0x0000000000000074
Event: 2.039 Thread 0x0000022d3c6a47f0 Uncommon trap: reason=class_check action=maybe_recompile pc=0x0000022d4bb690f4 method=java.util.AbstractList$Itr.hasNext()Z @ 8 c2
Event: 2.039 Thread 0x0000022d3c6a47f0 DEOPT PACKING pc=0x0000022d4bb690f4 sp=0x000000e681efd240
Event: 2.039 Thread 0x0000022d3c6a47f0 DEOPT UNPACKING pc=0x0000022d4b4323a3 sp=0x000000e681efd1d8 mode 2
Event: 2.101 Thread 0x0000022d9c4f05f0 Uncommon trap: trap_request=0xffffffde fr.pc=0x0000022d4bb69454 relative=0x00000000000000b4
Event: 2.101 Thread 0x0000022d9c4f05f0 Uncommon trap: reason=class_check action=maybe_recompile pc=0x0000022d4bb69454 method=java.util.AbstractList$Itr.next()Ljava/lang/Object; @ 14 c2
Event: 2.101 Thread 0x0000022d9c4f05f0 DEOPT PACKING pc=0x0000022d4bb69454 sp=0x000000e6838fec30
Event: 2.101 Thread 0x0000022d9c4f05f0 DEOPT UNPACKING pc=0x0000022d4b4323a3 sp=0x000000e6838febc8 mode 2
Event: 447.201 Thread 0x0000022d9c4f05f0 DEOPT PACKING pc=0x0000022d442b0083 sp=0x000000e6838fe970
Event: 447.201 Thread 0x0000022d9c4f05f0 DEOPT UNPACKING pc=0x0000022d4b432b43 sp=0x000000e6838fdde0 mode 0

Classes unloaded (0 events):
No events

Classes redefined (0 events):
No events

Internal exceptions (20 events):
Event: 1.057 Thread 0x0000022d3c6a47f0 Exception <a 'java/lang/NoSuchMethodError'{0x00000000ff17a5e8}: 'java.lang.Object java.lang.invoke.DirectMethodHandle$Holder.invokeStaticInit(java.lang.Object)'> (0x00000000ff17a5e8) 
thrown [s\open\src\hotspot\share\interpreter\linkResolver.cpp, line 759]
Event: 1.070 Thread 0x0000022d3c6a47f0 Exception <a 'java/lang/NoSuchMethodError'{0x00000000ff195bf8}: 'int java.lang.invoke.DirectMethodHandle$Holder.invokeSpecial(java.lang.Object, java.lang.Object, java.lang.Object)'> (0x00000000ff195bf8) 
thrown [s\open\src\hotspot\share\interpreter\linkResolver.cpp, line 759]
Event: 1.077 Thread 0x0000022d3c6a47f0 Exception <a 'java/lang/NoSuchMethodError'{0x00000000ff1d1e28}: 'void java.lang.invoke.DirectMethodHandle$Holder.invokeStatic(java.lang.Object, java.lang.Object)'> (0x00000000ff1d1e28) 
thrown [s\open\src\hotspot\share\interpreter\linkResolver.cpp, line 759]
Event: 1.080 Thread 0x0000022d3c6a47f0 Implicit null exception at 0x0000022d4bb98c8f to 0x0000022d4bb991b0
Event: 1.080 Thread 0x0000022d3c6a47f0 Implicit null exception at 0x0000022d4bb79d0f to 0x0000022d4bb7a23c
Event: 1.099 Thread 0x0000022d3c6a47f0 Exception <a 'java/lang/NoClassDefFoundError'{0x00000000ff051a78}: org/slf4j/impl/StaticMarkerBinder> (0x00000000ff051a78) 
thrown [s\open\src\hotspot\share\classfile\systemDictionary.cpp, line 245]
Event: 1.134 Thread 0x0000022d3c6a47f0 Exception <a 'java/lang/NoSuchMethodError'{0x00000000fef7de08}: 'java.lang.Object java.lang.invoke.Invokers$Holder.invoker(java.lang.Object, java.lang.Object, java.lang.Object)'> (0x00000000fef7de08) 
thrown [s\open\src\hotspot\share\interpreter\linkResolver.cpp, line 759]
Event: 1.136 Thread 0x0000022d3c6a47f0 Exception <a 'java/lang/NoSuchMethodError'{0x00000000fef87500}: 'java.lang.Object java.lang.invoke.DirectMethodHandle$Holder.invokeStatic(java.lang.Object, java.lang.Object, int)'> (0x00000000fef87500) 
thrown [s\open\src\hotspot\share\interpreter\linkResolver.cpp, line 759]
Event: 1.138 Thread 0x0000022d3c6a47f0 Exception <a 'java/lang/NoSuchMethodError'{0x00000000fef931f0}: 'void java.lang.invoke.DelegatingMethodHandle$Holder.delegate(java.lang.Object, java.lang.Object, int, java.lang.Object)'> (0x00000000fef931f0) 
thrown [s\open\src\hotspot\share\interpreter\linkResolver.cpp, line 759]
Event: 1.141 Thread 0x0000022d3c6a47f0 Exception <a 'java/lang/NoSuchMethodError'{0x00000000fefa6838}: 'java.lang.Object java.lang.invoke.Invokers$Holder.invokeExact_MT(java.lang.Object, java.lang.Object, java.lang.Object, java.lang.Object)'> (0x00000000fefa6838) 
thrown [s\open\src\hotspot\share\interpreter\linkResolver.cpp, line 759]
Event: 1.151 Thread 0x0000022d3c6a47f0 Exception <a 'java/lang/NoSuchMethodError'{0x00000000fefd1c98}: 'java.lang.Object java.lang.invoke.DirectMethodHandle$Holder.invokeVirtual(java.lang.Object, java.lang.Object, java.lang.Object)'> (0x00000000fefd1c98) 
thrown [s\open\src\hotspot\share\interpreter\linkResolver.cpp, line 759]
Event: 1.253 Thread 0x0000022d3c6a47f0 Exception <a 'java/lang/NoSuchMethodError'{0x00000000febd75e8}: 'java.lang.Object java.lang.invoke.DirectMethodHandle$Holder.newInvokeSpecial(java.lang.Object, java.lang.Object, java.lang.Object, java.lang.Object, java.lang.Object)'> (0x00000000febd75e8) 
thrown [s\open\src\hotspot\share\interpreter\linkResolver.cpp, line 759]
Event: 1.277 Thread 0x0000022d3c6a47f0 Exception <a 'java/lang/NoSuchMethodError'{0x00000000feafb960}: 'void java.lang.invoke.DirectMethodHandle$Holder.invokeSpecial(java.lang.Object, java.lang.Object, java.lang.Object)'> (0x00000000feafb960) 
thrown [s\open\src\hotspot\share\interpreter\linkResolver.cpp, line 759]
Event: 1.734 Thread 0x0000022d3c6a47f0 Exception <a 'java/lang/NoSuchMethodError'{0x00000000fe590390}: 'void java.lang.invoke.DirectMethodHandle$Holder.invokeStatic(java.lang.Object, java.lang.Object, java.lang.Object)'> (0x00000000fe590390) 
thrown [s\open\src\hotspot\share\interpreter\linkResolver.cpp, line 759]
Event: 1.774 Thread 0x0000022d3c6a47f0 Exception <a 'java/lang/NoSuchMethodError'{0x00000000fe251128}: 'java.lang.Object java.lang.invoke.DirectMethodHandle$Holder.newInvokeSpecial(java.lang.Object, java.lang.Object, java.lang.Object, java.lang.Object, java.lang.Object, java.lang.Object, java.lang.Object, java.lang.Object, java.lang.Object, java.lang.Object, java.lang.Object, java.lang.Object, java.lang.Object, java.lang.Object, java.lang.Object, java.lang.Object, java.lang.Object, java.lang.Object, java.lang.Object, java.lang.Object, java.lang
Event: 1.775 Thread 0x0000022d3c6a47f0 Exception <a 'java/lang/NoSuchMethodError'{0x00000000fe25d730}: 'java.lang.Object java.lang.invoke.Invokers$Holder.linkToTargetMethod(java.lang.Object, java.lang.Object, java.lang.Object, java.lang.Object, java.lang.Object, java.lang.Object, java.lang.Object, java.lang.Object, java.lang.Object, java.lang.Object, java.lang.Object, java.lang.Object, java.lang.Object, java.lang.Object, java.lang.Object, java.lang.Object, java.lang.Object, java.lang.Object, java.lang.Object, java.lang.Object, java.lang.Object,
Event: 1.815 Thread 0x0000022d3c6a47f0 Exception <a 'java/lang/NoSuchMethodError'{0x00000000fffccf38}: 'java.lang.Object java.lang.invoke.DirectMethodHandle$Holder.invokeStaticInit(java.lang.Object, int, int, int, int)'> (0x00000000fffccf38) 
thrown [s\open\src\hotspot\share\interpreter\linkResolver.cpp, line 759]
Event: 1.893 Thread 0x0000022d3c6a47f0 Exception <a 'java/lang/NoSuchMethodError'{0x00000000ffe782f8}: 'java.lang.Object java.lang.invoke.DirectMethodHandle$Holder.invokeStaticInit(java.lang.Object, java.lang.Object, int, int, int, int)'> (0x00000000ffe782f8) 
thrown [s\open\src\hotspot\share\interpreter\linkResolver.cpp, line 759]
Event: 1.913 Thread 0x0000022d3c6a47f0 Implicit null exception at 0x0000022d4bb783f2 to 0x0000022d4bb789c8
Event: 1.914 Thread 0x0000022d3c6a47f0 Implicit null exception at 0x0000022d4bb85ef2 to 0x0000022d4bb864d8

VM Operations (20 events):
Event: 216.129 Executing VM operation: Cleanup
Event: 216.129 Executing VM operation: Cleanup done
Event: 258.542 Executing VM operation: Cleanup
Event: 258.542 Executing VM operation: Cleanup done
Event: 270.643 Executing VM operation: Cleanup
Event: 270.643 Executing VM operation: Cleanup done
Event: 272.672 Executing VM operation: Cleanup
Event: 272.672 Executing VM operation: Cleanup done
Event: 290.784 Executing VM operation: Cleanup
Event: 290.784 Executing VM operation: Cleanup done
Event: 295.802 Executing VM operation: Cleanup
Event: 295.803 Executing VM operation: Cleanup done
Event: 395.469 Executing VM operation: Cleanup
Event: 395.469 Executing VM operation: Cleanup done
Event: 402.523 Executing VM operation: Cleanup
Event: 402.524 Executing VM operation: Cleanup done
Event: 417.588 Executing VM operation: Cleanup
Event: 417.588 Executing VM operation: Cleanup done
Event: 481.064 Executing VM operation: Cleanup
Event: 481.064 Executing VM operation: Cleanup done

Events (20 events):
Event: 47.398 loading class jdk/internal/logger/LazyLoggers$LazyLoggerFactories
Event: 47.398 loading class jdk/internal/logger/LazyLoggers$LazyLoggerFactories done
Event: 47.398 loading class jdk/internal/logger/LoggerFinderLoader
Event: 47.399 loading class jdk/internal/logger/LoggerFinderLoader done
Event: 47.399 loading class jdk/internal/logger/LoggerFinderLoader$TemporaryLoggerFinder
Event: 47.399 loading class jdk/internal/logger/LoggerFinderLoader$TemporaryLoggerFinder done
Event: 47.399 loading class sun/util/logging/internal/LoggingProviderImpl$JULWrapper
Event: 47.400 loading class sun/util/logging/PlatformLogger$ConfigurableBridge$LoggerConfiguration
Event: 47.400 loading class sun/util/logging/PlatformLogger$ConfigurableBridge$LoggerConfiguration done
Event: 47.400 loading class sun/util/logging/internal/LoggingProviderImpl$JULWrapper done
Event: 47.400 loading class java/io/ObjectInputFilter
Event: 47.400 loading class java/io/ObjectInputFilter done
Event: 47.401 loading class java/io/ObjectInputFilter$Config$BuiltinFilterFactory
Event: 47.401 loading class java/io/ObjectInputFilter$Config$BuiltinFilterFactory done
Event: 47.401 loading class jdk/internal/access/JavaObjectInputFilterAccess
Event: 47.401 loading class jdk/internal/access/JavaObjectInputFilterAccess done
Event: 47.401 loading class java/lang/System$Logger$Level
Event: 47.402 loading class java/lang/System$Logger$Level done
Event: 47.402 loading class java/io/Bits
Event: 47.402 loading class java/io/Bits done


Dynamic libraries:
0x00007ff7e5b10000 - 0x00007ff7e5b20000 	C:\Program Files\Java\jdk-17\bin\java.exe
0x00007ffd15170000 - 0x00007ffd15387000 	C:\WINDOWS\SYSTEM32\ntdll.dll
0x00007ffd130a0000 - 0x00007ffd13164000 	C:\WINDOWS\System32\KERNEL32.DLL
0x00007ffd12a20000 - 0x00007ffd12df3000 	C:\WINDOWS\System32\KERNELBASE.dll
0x00007ffd12730000 - 0x00007ffd12841000 	C:\WINDOWS\System32\ucrtbase.dll
0x00007ffced3a0000 - 0x00007ffced3bb000 	C:\Program Files\Java\jdk-17\bin\VCRUNTIME140.dll
0x00007ffced780000 - 0x00007ffced799000 	C:\Program Files\Java\jdk-17\bin\jli.dll
0x00007ffd14870000 - 0x00007ffd14921000 	C:\WINDOWS\System32\ADVAPI32.dll
0x00007ffd136d0000 - 0x00007ffd13777000 	C:\WINDOWS\System32\msvcrt.dll
0x00007ffd14740000 - 0x00007ffd147e7000 	C:\WINDOWS\System32\sechost.dll
0x00007ffd12850000 - 0x00007ffd12878000 	C:\WINDOWS\System32\bcrypt.dll
0x00007ffd14210000 - 0x00007ffd14324000 	C:\WINDOWS\System32\RPCRT4.dll
0x00007ffd13780000 - 0x00007ffd13931000 	C:\WINDOWS\System32\USER32.dll
0x00007ffd12450000 - 0x00007ffd12476000 	C:\WINDOWS\System32\win32u.dll
0x00007ffd13940000 - 0x00007ffd13969000 	C:\WINDOWS\System32\GDI32.dll
0x00007ffd12320000 - 0x00007ffd12442000 	C:\WINDOWS\System32\gdi32full.dll
0x00007ffd12900000 - 0x00007ffd1299a000 	C:\WINDOWS\System32\msvcp_win.dll
0x00007ffcf2f20000 - 0x00007ffcf31bb000 	C:\WINDOWS\WinSxS\amd64_microsoft.windows.common-controls_6595b64144ccf1df_6.0.22621.5262_none_2712bde373830908\COMCTL32.dll
0x00007ffd09840000 - 0x00007ffd0984a000 	C:\WINDOWS\SYSTEM32\VERSION.dll
0x00007ffd149a0000 - 0x00007ffd149d1000 	C:\WINDOWS\System32\IMM32.DLL
0x00007ffcf61c0000 - 0x00007ffcf61cc000 	C:\Program Files\Java\jdk-17\bin\vcruntime140_1.dll
0x00007ffcd3fc0000 - 0x00007ffcd404e000 	C:\Program Files\Java\jdk-17\bin\msvcp140.dll
0x00007ffc3dab0000 - 0x00007ffc3e691000 	C:\Program Files\Java\jdk-17\bin\server\jvm.dll
0x00007ffd146e0000 - 0x00007ffd146e8000 	C:\WINDOWS\System32\PSAPI.DLL
0x00007ffd0bba0000 - 0x00007ffd0bbd4000 	C:\WINDOWS\SYSTEM32\WINMM.dll
0x00007ffcf5fb0000 - 0x00007ffcf5fb9000 	C:\WINDOWS\SYSTEM32\WSOCK32.dll
0x00007ffd14480000 - 0x00007ffd144f1000 	C:\WINDOWS\System32\WS2_32.dll
0x00007ffd11360000 - 0x00007ffd11378000 	C:\WINDOWS\SYSTEM32\kernel.appcore.dll
0x00007ffcf5890000 - 0x00007ffcf589a000 	C:\Program Files\Java\jdk-17\bin\jimage.dll
0x00007ffd0fb80000 - 0x00007ffd0fdb2000 	C:\WINDOWS\SYSTEM32\DBGHELP.DLL
0x00007ffd14d00000 - 0x00007ffd15093000 	C:\WINDOWS\System32\combase.dll
0x00007ffd135f0000 - 0x00007ffd136c7000 	C:\WINDOWS\System32\OLEAUT32.dll
0x00007ffd08c50000 - 0x00007ffd08c82000 	C:\WINDOWS\SYSTEM32\dbgcore.DLL
0x00007ffd129a0000 - 0x00007ffd12a1b000 	C:\WINDOWS\System32\bcryptPrimitives.dll
0x00007ffcf6090000 - 0x00007ffcf60b5000 	C:\Program Files\Java\jdk-17\bin\java.dll
0x00007ffcc3fa0000 - 0x00007ffcc4077000 	C:\Program Files\Java\jdk-17\bin\jsvml.dll
0x00007ffd13970000 - 0x00007ffd1420d000 	C:\WINDOWS\System32\SHELL32.dll
0x00007ffd125f0000 - 0x00007ffd1272f000 	C:\WINDOWS\System32\wintypes.dll
0x00007ffd10160000 - 0x00007ffd10a7d000 	C:\WINDOWS\SYSTEM32\windows.storage.dll
0x00007ffd14500000 - 0x00007ffd1460b000 	C:\WINDOWS\System32\SHCORE.dll
0x00007ffd14930000 - 0x00007ffd14996000 	C:\WINDOWS\System32\shlwapi.dll
0x00007ffd12190000 - 0x00007ffd121bb000 	C:\WINDOWS\SYSTEM32\profapi.dll
0x00007ffcecbe0000 - 0x00007ffcecbf9000 	C:\Program Files\Java\jdk-17\bin\net.dll
0x00007ffd0daf0000 - 0x00007ffd0dc1c000 	C:\WINDOWS\SYSTEM32\WINHTTP.dll
0x00007ffd117d0000 - 0x00007ffd1183a000 	C:\WINDOWS\system32\mswsock.dll
0x00007ffcec210000 - 0x00007ffcec226000 	C:\Program Files\Java\jdk-17\bin\nio.dll
0x00007ffcebba0000 - 0x00007ffcebbb8000 	C:\Program Files\Java\jdk-17\bin\zip.dll
0x00007ffceff50000 - 0x00007ffceff60000 	C:\Program Files\Java\jdk-17\bin\verify.dll
0x00007ffcf6060000 - 0x00007ffcf606a000 	C:\Program Files\Java\jdk-17\bin\management.dll
0x00007ffcf4bc0000 - 0x00007ffcf4bcb000 	C:\Program Files\Java\jdk-17\bin\management_ext.dll
0x00007ffd09590000 - 0x00007ffd095b7000 	C:\Users\HOME\.gradle\native\1def1411415f61bf3af743bc5b6707747c0891f09f0c88961ee8f79bc544acac\windows-amd64\native-platform.dll
0x00007ffd0be10000 - 0x00007ffd0be1a000 	C:\Users\HOME\.gradle\native\jansi\1.18\windows64\jansi.dll
0x00007ffd10d90000 - 0x00007ffd10dbd000 	C:\WINDOWS\SYSTEM32\IPHLPAPI.DLL
0x00007ffd14470000 - 0x00007ffd14479000 	C:\WINDOWS\System32\NSI.dll
0x00007ffd0d290000 - 0x00007ffd0d2a9000 	C:\WINDOWS\SYSTEM32\dhcpcsvc6.DLL
0x00007ffd0c5d0000 - 0x00007ffd0c5ef000 	C:\WINDOWS\SYSTEM32\dhcpcsvc.DLL
0x00007ffd10dc0000 - 0x00007ffd10eb8000 	C:\WINDOWS\SYSTEM32\DNSAPI.dll
0x00007ffd11a50000 - 0x00007ffd11a6b000 	C:\WINDOWS\SYSTEM32\CRYPTSP.dll
0x00007ffd112c0000 - 0x00007ffd112f7000 	C:\WINDOWS\system32\rsaenh.dll
0x00007ffd118b0000 - 0x00007ffd118d8000 	C:\WINDOWS\SYSTEM32\USERENV.dll
0x00007ffd11a40000 - 0x00007ffd11a4c000 	C:\WINDOWS\SYSTEM32\CRYPTBASE.dll
0x00007ffcf19f0000 - 0x00007ffcf19fe000 	C:\Program Files\Java\jdk-17\bin\sunmscapi.dll
0x00007ffd12480000 - 0x00007ffd125e7000 	C:\WINDOWS\System32\CRYPT32.dll
0x00007ffd11c20000 - 0x00007ffd11c4d000 	C:\WINDOWS\SYSTEM32\ncrypt.dll
0x00007ffd11be0000 - 0x00007ffd11c17000 	C:\WINDOWS\SYSTEM32\NTASN1.dll
0x00007ffcfbb10000 - 0x00007ffcfbb18000 	C:\WINDOWS\system32\wshunix.dll

dbghelp: loaded successfully - version: 4.0.5 - missing functions: none
symbol engine: initialized successfully - sym options: 0x614 - pdb path: .;C:\Program Files\Java\jdk-17\bin;C:\WINDOWS\SYSTEM32;C:\WINDOWS\WinSxS\amd64_microsoft.windows.common-controls_6595b64144ccf1df_6.0.22621.5262_none_2712bde373830908;C:\Program Files\Java\jdk-17\bin\server;C:\Users\HOME\.gradle\native\1def1411415f61bf3af743bc5b6707747c0891f09f0c88961ee8f79bc544acac\windows-amd64;C:\Users\HOME\.gradle\native\jansi\1.18\windows64

VM Arguments:
jvm_args: -Xmx64m -Xms64m -Dorg.gradle.appname=gradlew 
java_command: org.gradle.wrapper.GradleWrapperMain app:installDebug -PreactNativeDevServerPort=8081
java_class_path (initial): D:\Sein\Groo\android\\gradle\wrapper\gradle-wrapper.jar
Launcher Type: SUN_STANDARD

[Global flags]
     intx CICompilerCount                          = 12                                        {product} {ergonomic}
     uint ConcGCThreads                            = 3                                         {product} {ergonomic}
     uint G1ConcRefinementThreads                  = 13                                        {product} {ergonomic}
   size_t G1HeapRegionSize                         = 1048576                                   {product} {ergonomic}
    uintx GCDrainStackTargetSize                   = 64                                        {product} {ergonomic}
   size_t InitialHeapSize                          = 67108864                                  {product} {command line}
   size_t MarkStackSize                            = 4194304                                   {product} {ergonomic}
   size_t MaxHeapSize                              = 67108864                                  {product} {command line}
   size_t MaxNewSize                               = 39845888                                  {product} {ergonomic}
   size_t MinHeapDeltaBytes                        = 1048576                                   {product} {ergonomic}
   size_t MinHeapSize                              = 67108864                                  {product} {command line}
    uintx NonNMethodCodeHeapSize                   = 7602480                                {pd product} {ergonomic}
    uintx NonProfiledCodeHeapSize                  = 122027880                              {pd product} {ergonomic}
    uintx ProfiledCodeHeapSize                     = 122027880                              {pd product} {ergonomic}
    uintx ReservedCodeCacheSize                    = 251658240                              {pd product} {ergonomic}
     bool SegmentedCodeCache                       = true                                      {product} {ergonomic}
   size_t SoftMaxHeapSize                          = 67108864                               {manageable} {ergonomic}
     bool UseCompressedClassPointers               = true                           {product lp64_product} {ergonomic}
     bool UseCompressedOops                        = true                           {product lp64_product} {ergonomic}
     bool UseG1GC                                  = true                                      {product} {ergonomic}
     bool UseLargePagesIndividualAllocation        = false                                  {pd product} {ergonomic}

Logging:
Log output configuration:
 #0: stdout all=warning uptime,level,tags
 #1: stderr all=off uptime,level,tags

Environment Variables:
JAVA_HOME=C:\Program Files\Java\jdk-17
CLASSPATH=D:\Sein\Groo\android\\gradle\wrapper\gradle-wrapper.jar
PATH=D:\Sein\Groo\node_modules\.bin;D:\Sein\node_modules\.bin;D:\node_modules\.bin;C:\Program Files\nodejs\node_modules\npm\node_modules\@npmcli\run-script\lib\node-gyp-bin;C:\Program Files\Java\jdk-17\bin;C:\Program Files (x86)\VMware\VMware Workstation\bin\;C:\Program Files\Common Files\Oracle\Java\javapath;C:\Windows\system32;C:\Windows;C:\Windows\System32\Wbem;C:\Windows\System32\WindowsPowerShell\v1.0\;C:\Windows\System32\OpenSSH\;C:\Program Files (x86)\NVIDIA Corporation\PhysX\Common;C:\Program Files\NVIDIA Corporation\NVIDIA NvDLISR;C:\WINDOWS\system32;C:\WINDOWS;C:\WINDOWS\System32\Wbem;C:\WINDOWS\System32\WindowsPowerShell\v1.0\;C:\WINDOWS\System32\OpenSSH\;C:\Program Files\nodejs\;C:\Program Files\Git\cmd;D:\flutter\bin;D:\Android_Sdk\platform-tools;D:\Android_Sdk\emulator;D:\Android_Sdk\build-tools;D:\Android_Sdk\tools;C:\Users\HOME\AppData\Local\jdk-11.0.2\bin;C:\Users\HOME\AppData\Local\Programs\Python\Python311\Scripts\;C:\Users\HOME\AppData\Local\Programs\Python\Python311\;C:\Users\HOME\AppData\Local\Microsoft\WindowsApps;;C:\Users\HOME\AppData\Local\Programs\Microsoft VS Code\bin;C:\Users\HOME\AppData\Roaming\npm;c:\Users\HOME\.vscode\extensions\ms-python.debugpy-2025.6.0-win32-x64\bundled\scripts\noConfigScripts
USERNAME=HOME
LANG=en_US.UTF-8
OS=Windows_NT
PROCESSOR_IDENTIFIER=Intel64 Family 6 Model 154 Stepping 3, GenuineIntel



---------------  S Y S T E M  ---------------

OS:
 Windows 11 , 64 bit Build 22621 (10.0.22621.5262)
OS uptime: 3 days 19:54 hours
Hyper-V role detected

CPU: total 16 (initial active 16) (8 cores per cpu, 2 threads per core) family 6 model 154 stepping 3 microcode 0x41e, cx8, cmov, fxsr, ht, mmx, 3dnowpref, sse, sse2, sse3, ssse3, sse4.1, sse4.2, popcnt, lzcnt, tsc, tscinvbit, avx, avx2, aes, erms, clmul, bmi1, bmi2, adx, sha, fma, vzeroupper, clflush, clflushopt, clwb, hv

Memory: 4k page, system-wide physical 16068M (785M free)
TotalPageFile size 44038M (AvailPageFile size 4M)
current process WorkingSet (physical memory assigned to process): 104M, peak: 125M
current process commit charge ("private bytes"): 177M, peak: 200M

vm_info: Java HotSpot(TM) 64-Bit Server VM (17.0.15+9-LTS-241) for windows-amd64 JRE (17.0.15+9-LTS-241), built on Feb 20 2025 10:49:54 by "mach5one" with MS VC++ 17.6 (VS2022)

END.
