#
# There is insufficient memory for the Java Runtime Environment to continue.
# Native memory allocation (malloc) failed to allocate 263136 bytes for Chunk::new
# Possible reasons:
#   The system is out of physical RAM or swap space
#   The process is running with CompressedOops enabled, and the Java Heap may be blocking the growth of the native heap
# Possible solutions:
#   Reduce memory load on the system
#   Increase physical memory or swap space
#   Check if swap backing store is full
#   Decrease Java heap size (-Xmx/-Xms)
#   Decrease number of Java threads
#   Decrease Java thread stack sizes (-Xss)
#   Set larger code cache with -XX:ReservedCodeCacheSize=
#   JVM is running with Unscaled Compressed Oops mode in which the Java heap is
#     placed in the first 4GB address space. The Java Heap base address is the
#     maximum limit for the native heap growth. Please use -XX:HeapBaseMinAddress
#     to set the Java Heap base and to place the Java Heap above 4GB virtual address.
# This output file may be truncated or incomplete.
#
#  Out of Memory Error (arena.cpp:189), pid=19688, tid=20004
#
# JRE version: Java(TM) SE Runtime Environment (17.0.15+9) (build 17.0.15+9-LTS-241)
# Java VM: Java HotSpot(TM) 64-Bit Server VM (17.0.15+9-LTS-241, mixed mode, sharing, tiered, compressed oops, compressed class ptrs, g1 gc, windows-amd64)
# No core dump will be written. Minidumps are not enabled by default on client versions of Windows
#

---------------  S U M M A R Y ------------

Command Line: -Xmx64m -Xms64m -Dorg.gradle.appname=gradlew org.gradle.wrapper.GradleWrapperMain app:installDebug -PreactNativeDevServerPort=8081

Host: 12th Gen Intel(R) Core(TM) i5-1240P, 16 cores, 15G,  Windows 11 , 64 bit Build 26100 (10.0.26100.4768)
Time: Fri Aug 22 21:23:07 2025  Windows 11 , 64 bit Build 26100 (10.0.26100.4768) elapsed time: 5.976823 seconds (0d 0h 0m 5s)

---------------  T H R E A D  ---------------

Current thread (0x0000019e9f30d940):  JavaThread "C2 CompilerThread1" daemon [_thread_in_native, id=20004, stack(0x000000084dc00000,0x000000084dd00000)]


Current CompileTask:
C2:   5976  866       4       java.util.jar.JarFile::getEntry (35 bytes)

Stack: [0x000000084dc00000,0x000000084dd00000]
Native frames: (J=compiled Java code, j=interpreted, Vv=VM code, C=native code)
V  [jvm.dll+0x67a46a]
V  [jvm.dll+0x7da6ad]
V  [jvm.dll+0x7dbff3]
V  [jvm.dll+0x7dc663]
V  [jvm.dll+0x24523f]
V  [jvm.dll+0xab763]
V  [jvm.dll+0xabd2c]
V  [jvm.dll+0x361f0e]
V  [jvm.dll+0x1ba52a]
V  [jvm.dll+0x216b47]
V  [jvm.dll+0x215e1f]
V  [jvm.dll+0x1a2a00]
V  [jvm.dll+0x2262bb]
V  [jvm.dll+0x22445b]
V  [jvm.dll+0x790acc]
V  [jvm.dll+0x78b0ba]
V  [jvm.dll+0x679355]
C  [ucrtbase.dll+0x37b0]
C  [KERNEL32.DLL+0x2e8d7]
C  [ntdll.dll+0x3c34c]


---------------  P R O C E S S  ---------------

Threads class SMR info:
_java_thread_list=0x0000019e9f311000, length=14, elements={
0x0000019e3fb923a0, 0x0000019e3fc596f0, 0x0000019e3fc5a2a0, 0x0000019e59e32050,
0x0000019e59e36a20, 0x0000019e59e39f50, 0x0000019e59e3b470, 0x0000019e59e3e180,
0x0000019e59e4aca0, 0x0000019e59e4e0a0, 0x0000019e59eedbe0, 0x0000019e9f0bee20,
0x0000019e9f0c42f0, 0x0000019e9f30d940
}

Java Threads: ( => current thread )
  0x0000019e3fb923a0 JavaThread "main" [_thread_in_native, id=4724, stack(0x000000084c800000,0x000000084c900000)]
  0x0000019e3fc596f0 JavaThread "Reference Handler" daemon [_thread_blocked, id=25124, stack(0x000000084cf00000,0x000000084d000000)]
  0x0000019e3fc5a2a0 JavaThread "Finalizer" daemon [_thread_blocked, id=10324, stack(0x000000084d000000,0x000000084d100000)]
  0x0000019e59e32050 JavaThread "Signal Dispatcher" daemon [_thread_blocked, id=4308, stack(0x000000084d100000,0x000000084d200000)]
  0x0000019e59e36a20 JavaThread "Attach Listener" daemon [_thread_blocked, id=2856, stack(0x000000084d200000,0x000000084d300000)]
  0x0000019e59e39f50 JavaThread "Service Thread" daemon [_thread_blocked, id=19100, stack(0x000000084d300000,0x000000084d400000)]
  0x0000019e59e3b470 JavaThread "Monitor Deflation Thread" daemon [_thread_blocked, id=12588, stack(0x000000084d400000,0x000000084d500000)]
  0x0000019e59e3e180 JavaThread "C2 CompilerThread0" daemon [_thread_blocked, id=12736, stack(0x000000084d500000,0x000000084d600000)]
  0x0000019e59e4aca0 JavaThread "C1 CompilerThread0" daemon [_thread_blocked, id=17208, stack(0x000000084d600000,0x000000084d700000)]
  0x0000019e59e4e0a0 JavaThread "Sweeper thread" daemon [_thread_blocked, id=22140, stack(0x000000084d700000,0x000000084d800000)]
  0x0000019e59eedbe0 JavaThread "C1 CompilerThread1" daemon [_thread_blocked, id=22248, stack(0x000000084d800000,0x000000084d900000)]
  0x0000019e9f0bee20 JavaThread "Notification Thread" daemon [_thread_blocked, id=3236, stack(0x000000084d900000,0x000000084da00000)]
  0x0000019e9f0c42f0 JavaThread "Common-Cleaner" daemon [_thread_blocked, id=14256, stack(0x000000084db00000,0x000000084dc00000)]
=>0x0000019e9f30d940 JavaThread "C2 CompilerThread1" daemon [_thread_in_native, id=20004, stack(0x000000084dc00000,0x000000084dd00000)]

Other Threads:
  0x0000019e3fc4fcb0 VMThread "VM Thread" [stack: 0x000000084ce00000,0x000000084cf00000] [id=21648]
  0x0000019e3fbc8a10 WatcherThread [stack: 0x000000084da00000,0x000000084db00000] [id=16772]
  0x0000019e3fbb4ba0 GCTaskThread "GC Thread#0" [stack: 0x000000084c900000,0x000000084ca00000] [id=18820]
  0x0000019e9f466dc0 GCTaskThread "GC Thread#1" [stack: 0x000000084df00000,0x000000084e000000] [id=6724]
  0x0000019e9f5f3320 GCTaskThread "GC Thread#2" [stack: 0x000000084e000000,0x000000084e100000] [id=21880]
  0x0000019e9f5f35e0 GCTaskThread "GC Thread#3" [stack: 0x000000084e100000,0x000000084e200000] [id=7316]
  0x0000019e3fbb62f0 ConcurrentGCThread "G1 Main Marker" [stack: 0x000000084ca00000,0x000000084cb00000] [id=19732]
  0x0000019e3fbb79d0 ConcurrentGCThread "G1 Conc#0" [stack: 0x000000084cb00000,0x000000084cc00000] [id=2196]
  0x0000019e3fc35350 ConcurrentGCThread "G1 Refine#0" [stack: 0x000000084cc00000,0x000000084cd00000] [id=23480]
  0x0000019e3fc35d80 ConcurrentGCThread "G1 Service" [stack: 0x000000084cd00000,0x000000084ce00000] [id=6384]

Threads with active compile tasks:
C2 CompilerThread1     6007  866       4       java.util.jar.JarFile::getEntry (35 bytes)

VM state: not at safepoint (normal execution)

VM Mutex/Monitor currently owned by a thread: None

Heap address: 0x00000000fc000000, size: 64 MB, Compressed Oops mode: 32-bit

CDS archive(s) mapped at: [0x0000019e5a000000-0x0000019e5abd0000-0x0000019e5abd0000), size 12386304, SharedBaseAddress: 0x0000019e5a000000, ArchiveRelocationMode: 1.
Compressed class space mapped at: 0x0000019e5b000000-0x0000019e9b000000, reserved size: 1073741824
Narrow klass base: 0x0000019e5a000000, Narrow klass shift: 0, Narrow klass range: 0x100000000

GC Precious Log:
 CPUs: 16 total, 16 available
 Memory: 16068M
 Large Page Support: Disabled
 NUMA Support: Disabled
 Compressed Oops: Enabled (32-bit)
 Heap Region Size: 1M
 Heap Min Capacity: 64M
 Heap Initial Capacity: 64M
 Heap Max Capacity: 64M
 Pre-touch: Disabled
 Parallel Workers: 13
 Concurrent Workers: 3
 Concurrent Refinement Workers: 13
 Periodic GC: Disabled

Heap:
 garbage-first heap   total 65536K, used 14544K [0x00000000fc000000, 0x0000000100000000)
  region size 1024K, 13 young (13312K), 3 survivors (3072K)
 Metaspace       used 2798K, committed 3008K, reserved 1114112K
  class space    used 293K, committed 384K, reserved 1048576K

Heap Regions: E=young(eden), S=young(survivor), O=old, HS=humongous(starts), HC=humongous(continues), CS=collection set, F=free, OA=open archive, CA=closed archive, TAMS=top-at-mark-start (previous, next)
|   0|0x00000000fc000000, 0x00000000fc100000, 0x00000000fc100000|100%|HS|  |TAMS 0x00000000fc000000, 0x00000000fc000000| Complete 
|   1|0x00000000fc100000, 0x00000000fc200000, 0x00000000fc200000|100%|HC|  |TAMS 0x00000000fc100000, 0x00000000fc100000| Complete 
|   2|0x00000000fc200000, 0x00000000fc300000, 0x00000000fc300000|100%|HC|  |TAMS 0x00000000fc200000, 0x00000000fc200000| Complete 
|   3|0x00000000fc300000, 0x00000000fc300000, 0x00000000fc400000|  0%| F|  |TAMS 0x00000000fc300000, 0x00000000fc300000| Untracked 
|   4|0x00000000fc400000, 0x00000000fc400000, 0x00000000fc500000|  0%| F|  |TAMS 0x00000000fc400000, 0x00000000fc400000| Untracked 
|   5|0x00000000fc500000, 0x00000000fc500000, 0x00000000fc600000|  0%| F|  |TAMS 0x00000000fc500000, 0x00000000fc500000| Untracked 
|   6|0x00000000fc600000, 0x00000000fc600000, 0x00000000fc700000|  0%| F|  |TAMS 0x00000000fc600000, 0x00000000fc600000| Untracked 
|   7|0x00000000fc700000, 0x00000000fc700000, 0x00000000fc800000|  0%| F|  |TAMS 0x00000000fc700000, 0x00000000fc700000| Untracked 
|   8|0x00000000fc800000, 0x00000000fc800000, 0x00000000fc900000|  0%| F|  |TAMS 0x00000000fc800000, 0x00000000fc800000| Untracked 
|   9|0x00000000fc900000, 0x00000000fc900000, 0x00000000fca00000|  0%| F|  |TAMS 0x00000000fc900000, 0x00000000fc900000| Untracked 
|  10|0x00000000fca00000, 0x00000000fca00000, 0x00000000fcb00000|  0%| F|  |TAMS 0x00000000fca00000, 0x00000000fca00000| Untracked 
|  11|0x00000000fcb00000, 0x00000000fcb00000, 0x00000000fcc00000|  0%| F|  |TAMS 0x00000000fcb00000, 0x00000000fcb00000| Untracked 
|  12|0x00000000fcc00000, 0x00000000fcc00000, 0x00000000fcd00000|  0%| F|  |TAMS 0x00000000fcc00000, 0x00000000fcc00000| Untracked 
|  13|0x00000000fcd00000, 0x00000000fcd00000, 0x00000000fce00000|  0%| F|  |TAMS 0x00000000fcd00000, 0x00000000fcd00000| Untracked 
|  14|0x00000000fce00000, 0x00000000fce00000, 0x00000000fcf00000|  0%| F|  |TAMS 0x00000000fce00000, 0x00000000fce00000| Untracked 
|  15|0x00000000fcf00000, 0x00000000fcf00000, 0x00000000fd000000|  0%| F|  |TAMS 0x00000000fcf00000, 0x00000000fcf00000| Untracked 
|  16|0x00000000fd000000, 0x00000000fd000000, 0x00000000fd100000|  0%| F|  |TAMS 0x00000000fd000000, 0x00000000fd000000| Untracked 
|  17|0x00000000fd100000, 0x00000000fd100000, 0x00000000fd200000|  0%| F|  |TAMS 0x00000000fd100000, 0x00000000fd100000| Untracked 
|  18|0x00000000fd200000, 0x00000000fd200000, 0x00000000fd300000|  0%| F|  |TAMS 0x00000000fd200000, 0x00000000fd200000| Untracked 
|  19|0x00000000fd300000, 0x00000000fd300000, 0x00000000fd400000|  0%| F|  |TAMS 0x00000000fd300000, 0x00000000fd300000| Untracked 
|  20|0x00000000fd400000, 0x00000000fd400000, 0x00000000fd500000|  0%| F|  |TAMS 0x00000000fd400000, 0x00000000fd400000| Untracked 
|  21|0x00000000fd500000, 0x00000000fd500000, 0x00000000fd600000|  0%| F|  |TAMS 0x00000000fd500000, 0x00000000fd500000| Untracked 
|  22|0x00000000fd600000, 0x00000000fd600000, 0x00000000fd700000|  0%| F|  |TAMS 0x00000000fd600000, 0x00000000fd600000| Untracked 
|  23|0x00000000fd700000, 0x00000000fd700000, 0x00000000fd800000|  0%| F|  |TAMS 0x00000000fd700000, 0x00000000fd700000| Untracked 
|  24|0x00000000fd800000, 0x00000000fd800000, 0x00000000fd900000|  0%| F|  |TAMS 0x00000000fd800000, 0x00000000fd800000| Untracked 
|  25|0x00000000fd900000, 0x00000000fd900000, 0x00000000fda00000|  0%| F|  |TAMS 0x00000000fd900000, 0x00000000fd900000| Untracked 
|  26|0x00000000fda00000, 0x00000000fda00000, 0x00000000fdb00000|  0%| F|  |TAMS 0x00000000fda00000, 0x00000000fda00000| Untracked 
|  27|0x00000000fdb00000, 0x00000000fdb00000, 0x00000000fdc00000|  0%| F|  |TAMS 0x00000000fdb00000, 0x00000000fdb00000| Untracked 
|  28|0x00000000fdc00000, 0x00000000fdc00000, 0x00000000fdd00000|  0%| F|  |TAMS 0x00000000fdc00000, 0x00000000fdc00000| Untracked 
|  29|0x00000000fdd00000, 0x00000000fdd00000, 0x00000000fde00000|  0%| F|  |TAMS 0x00000000fdd00000, 0x00000000fdd00000| Untracked 
|  30|0x00000000fde00000, 0x00000000fde00000, 0x00000000fdf00000|  0%| F|  |TAMS 0x00000000fde00000, 0x00000000fde00000| Untracked 
|  31|0x00000000fdf00000, 0x00000000fdf00000, 0x00000000fe000000|  0%| F|  |TAMS 0x00000000fdf00000, 0x00000000fdf00000| Untracked 
|  32|0x00000000fe000000, 0x00000000fe000000, 0x00000000fe100000|  0%| F|  |TAMS 0x00000000fe000000, 0x00000000fe000000| Untracked 
|  33|0x00000000fe100000, 0x00000000fe100000, 0x00000000fe200000|  0%| F|  |TAMS 0x00000000fe100000, 0x00000000fe100000| Untracked 
|  34|0x00000000fe200000, 0x00000000fe200000, 0x00000000fe300000|  0%| F|  |TAMS 0x00000000fe200000, 0x00000000fe200000| Untracked 
|  35|0x00000000fe300000, 0x00000000fe300000, 0x00000000fe400000|  0%| F|  |TAMS 0x00000000fe300000, 0x00000000fe300000| Untracked 
|  36|0x00000000fe400000, 0x00000000fe400000, 0x00000000fe500000|  0%| F|  |TAMS 0x00000000fe400000, 0x00000000fe400000| Untracked 
|  37|0x00000000fe500000, 0x00000000fe500000, 0x00000000fe600000|  0%| F|  |TAMS 0x00000000fe500000, 0x00000000fe500000| Untracked 
|  38|0x00000000fe600000, 0x00000000fe634000, 0x00000000fe700000| 20%| S|CS|TAMS 0x00000000fe600000, 0x00000000fe600000| Complete 
|  39|0x00000000fe700000, 0x00000000fe800000, 0x00000000fe800000|100%| S|CS|TAMS 0x00000000fe700000, 0x00000000fe700000| Complete 
|  40|0x00000000fe800000, 0x00000000fe900000, 0x00000000fe900000|100%| S|CS|TAMS 0x00000000fe800000, 0x00000000fe800000| Complete 
|  41|0x00000000fe900000, 0x00000000fe900000, 0x00000000fea00000|  0%| F|  |TAMS 0x00000000fe900000, 0x00000000fe900000| Untracked 
|  42|0x00000000fea00000, 0x00000000fea00000, 0x00000000feb00000|  0%| F|  |TAMS 0x00000000fea00000, 0x00000000fea00000| Untracked 
|  43|0x00000000feb00000, 0x00000000feb00000, 0x00000000fec00000|  0%| F|  |TAMS 0x00000000feb00000, 0x00000000feb00000| Untracked 
|  44|0x00000000fec00000, 0x00000000fec00000, 0x00000000fed00000|  0%| F|  |TAMS 0x00000000fec00000, 0x00000000fec00000| Untracked 
|  45|0x00000000fed00000, 0x00000000fed00000, 0x00000000fee00000|  0%| F|  |TAMS 0x00000000fed00000, 0x00000000fed00000| Untracked 
|  46|0x00000000fee00000, 0x00000000fee00000, 0x00000000fef00000|  0%| F|  |TAMS 0x00000000fee00000, 0x00000000fee00000| Untracked 
|  47|0x00000000fef00000, 0x00000000fef00000, 0x00000000ff000000|  0%| F|  |TAMS 0x00000000fef00000, 0x00000000fef00000| Untracked 
|  48|0x00000000ff000000, 0x00000000ff000000, 0x00000000ff100000|  0%| F|  |TAMS 0x00000000ff000000, 0x00000000ff000000| Untracked 
|  49|0x00000000ff100000, 0x00000000ff100000, 0x00000000ff200000|  0%| F|  |TAMS 0x00000000ff100000, 0x00000000ff100000| Untracked 
|  50|0x00000000ff200000, 0x00000000ff200000, 0x00000000ff300000|  0%| F|  |TAMS 0x00000000ff200000, 0x00000000ff200000| Untracked 
|  51|0x00000000ff300000, 0x00000000ff300000, 0x00000000ff400000|  0%| F|  |TAMS 0x00000000ff300000, 0x00000000ff300000| Untracked 
|  52|0x00000000ff400000, 0x00000000ff400000, 0x00000000ff500000|  0%| F|  |TAMS 0x00000000ff400000, 0x00000000ff400000| Untracked 
|  53|0x00000000ff500000, 0x00000000ff500000, 0x00000000ff600000|  0%| F|  |TAMS 0x00000000ff500000, 0x00000000ff500000| Untracked 
|  54|0x00000000ff600000, 0x00000000ff700000, 0x00000000ff700000|100%| E|  |TAMS 0x00000000ff600000, 0x00000000ff600000| Complete 
|  55|0x00000000ff700000, 0x00000000ff800000, 0x00000000ff800000|100%| E|CS|TAMS 0x00000000ff700000, 0x00000000ff700000| Complete 
|  56|0x00000000ff800000, 0x00000000ff900000, 0x00000000ff900000|100%| E|CS|TAMS 0x00000000ff800000, 0x00000000ff800000| Complete 
|  57|0x00000000ff900000, 0x00000000ffa00000, 0x00000000ffa00000|100%| E|CS|TAMS 0x00000000ff900000, 0x00000000ff900000| Complete 
|  58|0x00000000ffa00000, 0x00000000ffb00000, 0x00000000ffb00000|100%| E|CS|TAMS 0x00000000ffa00000, 0x00000000ffa00000| Complete 
|  59|0x00000000ffb00000, 0x00000000ffc00000, 0x00000000ffc00000|100%| E|CS|TAMS 0x00000000ffb00000, 0x00000000ffb00000| Complete 
|  60|0x00000000ffc00000, 0x00000000ffd00000, 0x00000000ffd00000|100%| E|CS|TAMS 0x00000000ffc00000, 0x00000000ffc00000| Complete 
|  61|0x00000000ffd00000, 0x00000000ffe00000, 0x00000000ffe00000|100%| E|CS|TAMS 0x00000000ffd00000, 0x00000000ffd00000| Complete 
|  62|0x00000000ffe00000, 0x00000000fff00000, 0x00000000fff00000|100%| E|CS|TAMS 0x00000000ffe00000, 0x00000000ffe00000| Complete 
|  63|0x00000000fff00000, 0x0000000100000000, 0x0000000100000000|100%| E|CS|TAMS 0x00000000fff00000, 0x00000000fff00000| Complete 

Card table byte_map: [0x0000019e3faa0000,0x0000019e3fac0000] _byte_map_base: 0x0000019e3f2c0000

Marking Bits (Prev, Next): (CMBitMap*) 0x0000019e3fbb51c0, (CMBitMap*) 0x0000019e3fbb5200
 Prev Bits: [0x0000019e56d30000, 0x0000019e56e30000)
 Next Bits: [0x0000019e56e30000, 0x0000019e56f30000)

Polling page: 0x0000019e3d900000

Metaspace:

Usage:
  Non-class:      2.45 MB used.
      Class:    293.70 KB used.
       Both:      2.73 MB used.

Virtual space:
  Non-class space:       64.00 MB reserved,       2.56 MB (  4%) committed,  1 nodes.
      Class space:        1.00 GB reserved,     384.00 KB ( <1%) committed,  1 nodes.
             Both:        1.06 GB reserved,       2.94 MB ( <1%) committed. 

Chunk freelists:
   Non-Class:  11.36 MB
       Class:  15.59 MB
        Both:  26.95 MB

MaxMetaspaceSize: unlimited
CompressedClassSpaceSize: 1.00 GB
Initial GC threshold: 21.00 MB
Current GC threshold: 21.00 MB
CDS: on
MetaspaceReclaimPolicy: balanced
 - commit_granule_bytes: 65536.
 - commit_granule_words: 8192.
 - virtual_space_node_default_size: 8388608.
 - enlarge_chunks_in_place: 1.
 - new_chunks_are_fully_committed: 0.
 - uncommit_free_chunks: 1.
 - use_allocation_guard: 0.
 - handle_deallocations: 1.


Internal statistics:

num_allocs_failed_limit: 0.
num_arena_births: 14.
num_arena_deaths: 0.
num_vsnodes_births: 2.
num_vsnodes_deaths: 0.
num_space_committed: 47.
num_space_uncommitted: 0.
num_chunks_returned_to_freelist: 0.
num_chunks_taken_from_freelist: 61.
num_chunk_merges: 0.
num_chunk_splits: 40.
num_chunks_enlarged: 35.
num_inconsistent_stats: 0.

CodeHeap 'non-profiled nmethods': size=119168Kb used=429Kb max_used=429Kb free=118738Kb
 bounds [0x0000019e4f020000, 0x0000019e4f290000, 0x0000019e56480000]
CodeHeap 'profiled nmethods': size=119104Kb used=1780Kb max_used=1780Kb free=117323Kb
 bounds [0x0000019e47480000, 0x0000019e476f0000, 0x0000019e4e8d0000]
CodeHeap 'non-nmethods': size=7488Kb used=1690Kb max_used=1729Kb free=5797Kb
 bounds [0x0000019e4e8d0000, 0x0000019e4eb40000, 0x0000019e4f020000]
 total_blobs=1340 nmethods=930 adapters=322
 compilation: enabled
              stopped_count=0, restarted_count=0
 full_count=0

Compilation events (20 events):
Event: 2.920 Thread 0x0000019e59eedbe0 nmethod 915 0x0000019e47632e10 code [0x0000019e47633020, 0x0000019e476336f8]
Event: 2.920 Thread 0x0000019e59eedbe0  918       3       java.lang.Character::isWhitespace (5 bytes)
Event: 2.920 Thread 0x0000019e59e4aca0 nmethod 917 0x0000019e47633990 code [0x0000019e47633b40, 0x0000019e47633d98]
Event: 2.920 Thread 0x0000019e59e4aca0  919       3       java.lang.Character::isWhitespace (9 bytes)
Event: 2.920 Thread 0x0000019e59eedbe0 nmethod 918 0x0000019e47633e90 code [0x0000019e47634040, 0x0000019e47634298]
Event: 2.920 Thread 0x0000019e59e4aca0 nmethod 919 0x0000019e47634390 code [0x0000019e47634540, 0x0000019e47634738]
Event: 2.920 Thread 0x0000019e59eedbe0  920       3       java.lang.CharacterDataLatin1::isWhitespace (23 bytes)
Event: 2.921 Thread 0x0000019e59eedbe0 nmethod 920 0x0000019e47634810 code [0x0000019e476349c0, 0x0000019e47634bd8]
Event: 2.923 Thread 0x0000019e59eedbe0  921   !   3       java.util.jar.JarFile::getManifestFromReference (197 bytes)
Event: 2.925 Thread 0x0000019e59e4aca0  922       3       java.util.jar.JarFile::getManifest (5 bytes)
Event: 2.925 Thread 0x0000019e59e4aca0 nmethod 922 0x0000019e47634d10 code [0x0000019e47634ea0, 0x0000019e47634fe8]
Event: 2.925 Thread 0x0000019e59eedbe0 nmethod 921 0x0000019e47635090 code [0x0000019e476353a0, 0x0000019e47636838]
Event: 2.925 Thread 0x0000019e59eedbe0  923   !   3       jdk.internal.loader.URLClassPath$JarLoader::checkResource (78 bytes)
Event: 2.926 Thread 0x0000019e59eedbe0 nmethod 923 0x0000019e47636f90 code [0x0000019e476371e0, 0x0000019e47637c08]
Event: 2.927 Thread 0x0000019e59eedbe0  924       3       java.lang.Object::equals (11 bytes)
Event: 2.927 Thread 0x0000019e59e4aca0  925       3       sun.invoke.util.VerifyAccess::isTypeVisible (118 bytes)
Event: 2.928 Thread 0x0000019e59eedbe0 nmethod 924 0x0000019e47638090 code [0x0000019e47638220, 0x0000019e47638398]
Event: 2.928 Thread 0x0000019e59eedbe0  927       3       java.lang.invoke.MethodType::checkPtypes (76 bytes)
Event: 2.928 Thread 0x0000019e59eedbe0 nmethod 927 0x0000019e47638410 code [0x0000019e47638680, 0x0000019e47638fe8]
Event: 2.929 Thread 0x0000019e59e4aca0 nmethod 925 0x0000019e47639390 code [0x0000019e476397a0, 0x0000019e4763b698]

GC Heap History (2 events):
Event: 1.403 GC heap before
{Heap before GC invocations=0 (full 0):
 garbage-first heap   total 65536K, used 23552K [0x00000000fc000000, 0x0000000100000000)
  region size 1024K, 23 young (23552K), 0 survivors (0K)
 Metaspace       used 1856K, committed 1984K, reserved 1114112K
  class space    used 164K, committed 192K, reserved 1048576K
}
Event: 1.408 GC heap after
{Heap after GC invocations=1 (full 0):
 garbage-first heap   total 65536K, used 2256K [0x00000000fc000000, 0x0000000100000000)
  region size 1024K, 3 young (3072K), 3 survivors (3072K)
 Metaspace       used 1856K, committed 1984K, reserved 1114112K
  class space    used 164K, committed 192K, reserved 1048576K
}

Deoptimization events (20 events):
Event: 1.793 Thread 0x0000019e3fb923a0 Uncommon trap: trap_request=0xffffff45 fr.pc=0x0000019e4f0667a8 relative=0x0000000000000968
Event: 1.793 Thread 0x0000019e3fb923a0 Uncommon trap: reason=unstable_if action=reinterpret pc=0x0000019e4f0667a8 method=java.util.zip.ZipCoder$UTF8ZipCoder.checkedHash([BII)I @ 27 c2
Event: 1.793 Thread 0x0000019e3fb923a0 DEOPT PACKING pc=0x0000019e4f0667a8 sp=0x000000084c8fc2c0
Event: 1.793 Thread 0x0000019e3fb923a0 DEOPT UNPACKING pc=0x0000019e4e9223a3 sp=0x000000084c8fc208 mode 2
Event: 1.793 Thread 0x0000019e3fb923a0 Uncommon trap: trap_request=0xffffff45 fr.pc=0x0000019e4f02a7b4 relative=0x00000000000001b4
Event: 1.793 Thread 0x0000019e3fb923a0 Uncommon trap: reason=unstable_if action=reinterpret pc=0x0000019e4f02a7b4 method=java.lang.String.hashCode()I @ 20 c2
Event: 1.793 Thread 0x0000019e3fb923a0 DEOPT PACKING pc=0x0000019e4f02a7b4 sp=0x000000084c8fc140
Event: 1.793 Thread 0x0000019e3fb923a0 DEOPT UNPACKING pc=0x0000019e4e9223a3 sp=0x000000084c8fc0d0 mode 2
Event: 1.793 Thread 0x0000019e3fb923a0 Uncommon trap: trap_request=0xffffff45 fr.pc=0x0000019e4f067e18 relative=0x0000000000000178
Event: 1.793 Thread 0x0000019e3fb923a0 Uncommon trap: reason=unstable_if action=reinterpret pc=0x0000019e4f067e18 method=java.util.zip.ZipFile$Source.isMetaName([BII)Z @ 57 c2
Event: 1.793 Thread 0x0000019e3fb923a0 DEOPT PACKING pc=0x0000019e4f067e18 sp=0x000000084c8fc350
Event: 1.793 Thread 0x0000019e3fb923a0 DEOPT UNPACKING pc=0x0000019e4e9223a3 sp=0x000000084c8fc2e0 mode 2
Event: 2.860 Thread 0x0000019e3fb923a0 DEOPT PACKING pc=0x0000019e475937e8 sp=0x000000084c8fa370
Event: 2.860 Thread 0x0000019e3fb923a0 DEOPT UNPACKING pc=0x0000019e4e922b43 sp=0x000000084c8f9800 mode 0
Event: 2.886 Thread 0x0000019e3fb923a0 DEOPT PACKING pc=0x0000019e475a7057 sp=0x000000084c8f7cb0
Event: 2.886 Thread 0x0000019e3fb923a0 DEOPT UNPACKING pc=0x0000019e4e922b43 sp=0x000000084c8f7110 mode 0
Event: 2.917 Thread 0x0000019e3fb923a0 Uncommon trap: trap_request=0xffffff45 fr.pc=0x0000019e4f05afdc relative=0x000000000000005c
Event: 2.917 Thread 0x0000019e3fb923a0 Uncommon trap: reason=unstable_if action=reinterpret pc=0x0000019e4f05afdc method=java.util.LinkedHashMap.afterNodeInsertion(Z)V @ 1 c2
Event: 2.917 Thread 0x0000019e3fb923a0 DEOPT PACKING pc=0x0000019e4f05afdc sp=0x000000084c8fd740
Event: 2.917 Thread 0x0000019e3fb923a0 DEOPT UNPACKING pc=0x0000019e4e9223a3 sp=0x000000084c8fd6c0 mode 2

Classes unloaded (0 events):
No events

Classes redefined (0 events):
No events

Internal exceptions (1 events):
Event: 0.304 Thread 0x0000019e3fb923a0 Exception <a 'java/lang/NoSuchMethodError'{0x00000000ffca8728}: 'int java.lang.invoke.DirectMethodHandle$Holder.invokeStaticInit(java.lang.Object, java.lang.Object)'> (0x00000000ffca8728) 
thrown [s\open\src\hotspot\share\interpreter\linkResolver.cpp, line 759]

VM Operations (14 events):
Event: 0.134 Executing VM operation: HandshakeAllThreads
Event: 0.134 Executing VM operation: HandshakeAllThreads done
Event: 1.146 Executing VM operation: Cleanup
Event: 1.147 Executing VM operation: Cleanup done
Event: 1.368 Executing VM operation: HandshakeAllThreads
Event: 1.368 Executing VM operation: HandshakeAllThreads done
Event: 1.403 Executing VM operation: G1CollectForAllocation
Event: 1.408 Executing VM operation: G1CollectForAllocation done
Event: 2.411 Executing VM operation: Cleanup
Event: 2.411 Executing VM operation: Cleanup done
Event: 2.891 Executing VM operation: HandshakeAllThreads
Event: 2.891 Executing VM operation: HandshakeAllThreads done
Event: 3.892 Executing VM operation: Cleanup
Event: 3.892 Executing VM operation: Cleanup done

Events (20 events):
Event: 2.915 loading class sun/reflect/annotation/AnnotationTypeMismatchExceptionProxy
Event: 2.915 loading class sun/reflect/annotation/AnnotationTypeMismatchExceptionProxy done
Event: 2.915 loading class sun/reflect/annotation/AnnotationParser$1
Event: 2.915 loading class sun/reflect/annotation/AnnotationParser$1 done
Event: 2.915 loading class sun/reflect/annotation/AnnotationInvocationHandler
Event: 2.915 loading class sun/reflect/annotation/AnnotationInvocationHandler done
Event: 2.916 loading class java/lang/annotation/Target
Event: 2.916 loading class java/lang/annotation/Target done
Event: 2.920 loading class java/lang/reflect/InvocationTargetException
Event: 2.920 loading class java/lang/reflect/InvocationTargetException done
Event: 2.921 loading class java/util/concurrent/ConcurrentLinkedQueue
Event: 2.922 loading class java/util/AbstractQueue
Event: 2.922 loading class java/util/AbstractQueue done
Event: 2.922 loading class java/util/concurrent/ConcurrentLinkedQueue done
Event: 2.922 loading class java/util/concurrent/ConcurrentLinkedQueue$Node
Event: 2.922 loading class java/util/concurrent/ConcurrentLinkedQueue$Node done
Event: 2.926 loading class java/util/NoSuchElementException
Event: 2.927 loading class java/util/NoSuchElementException done
Event: 2.927 loading class java/lang/reflect/ParameterizedType
Event: 2.928 loading class java/lang/reflect/ParameterizedType done


Dynamic libraries:
0x00007ff654040000 - 0x00007ff654050000 	C:\Program Files\Java\jdk-17\bin\java.exe
0x00007ffda52c0000 - 0x00007ffda5527000 	C:\WINDOWS\SYSTEM32\ntdll.dll
0x00007ffda4620000 - 0x00007ffda46e9000 	C:\WINDOWS\System32\KERNEL32.DLL
0x00007ffda27e0000 - 0x00007ffda2bd0000 	C:\WINDOWS\System32\KERNELBASE.dll
0x00007ffda25f0000 - 0x00007ffda273b000 	C:\WINDOWS\System32\ucrtbase.dll
0x00007ffd62480000 - 0x00007ffd6249b000 	C:\Program Files\Java\jdk-17\bin\VCRUNTIME140.dll
0x00007ffd606c0000 - 0x00007ffd606d9000 	C:\Program Files\Java\jdk-17\bin\jli.dll
0x00007ffda4560000 - 0x00007ffda4614000 	C:\WINDOWS\System32\ADVAPI32.dll
0x00007ffda51d0000 - 0x00007ffda5279000 	C:\WINDOWS\System32\msvcrt.dll
0x00007ffda4700000 - 0x00007ffda47a6000 	C:\WINDOWS\System32\sechost.dll
0x00007ffda3d80000 - 0x00007ffda3e98000 	C:\WINDOWS\System32\RPCRT4.dll
0x00007ffda3fc0000 - 0x00007ffda4185000 	C:\WINDOWS\System32\USER32.dll
0x00007ffda2d20000 - 0x00007ffda2d47000 	C:\WINDOWS\System32\win32u.dll
0x00007ffda3d50000 - 0x00007ffda3d7b000 	C:\WINDOWS\System32\GDI32.dll
0x00007ffda2be0000 - 0x00007ffda2d18000 	C:\WINDOWS\System32\gdi32full.dll
0x00007ffda2540000 - 0x00007ffda25e3000 	C:\WINDOWS\System32\msvcp_win.dll
0x00007ffd84840000 - 0x00007ffd84ada000 	C:\WINDOWS\WinSxS\amd64_microsoft.windows.common-controls_6595b64144ccf1df_6.0.26100.4768_none_3e0c112ce331287c\COMCTL32.dll
0x00007ffd9ece0000 - 0x00007ffd9eceb000 	C:\WINDOWS\SYSTEM32\VERSION.dll
0x00007ffda41a0000 - 0x00007ffda41cf000 	C:\WINDOWS\System32\IMM32.DLL
0x00007ffd98290000 - 0x00007ffd9829c000 	C:\Program Files\Java\jdk-17\bin\vcruntime140_1.dll
0x00007ffd57230000 - 0x00007ffd572be000 	C:\Program Files\Java\jdk-17\bin\msvcp140.dll
0x00007ffd112f0000 - 0x00007ffd11ed1000 	C:\Program Files\Java\jdk-17\bin\server\jvm.dll
0x00007ffda4840000 - 0x00007ffda4848000 	C:\WINDOWS\System32\PSAPI.DLL
0x00007ffd87280000 - 0x00007ffd8728a000 	C:\WINDOWS\SYSTEM32\WSOCK32.dll
0x00007ffd94c80000 - 0x00007ffd94cb5000 	C:\WINDOWS\SYSTEM32\WINMM.dll
0x00007ffda35d0000 - 0x00007ffda3644000 	C:\WINDOWS\System32\WS2_32.dll
0x00007ffda1170000 - 0x00007ffda118b000 	C:\WINDOWS\SYSTEM32\kernel.appcore.dll
0x00007ffd65a20000 - 0x00007ffd65a2a000 	C:\Program Files\Java\jdk-17\bin\jimage.dll
0x00007ffd9f9d0000 - 0x00007ffd9fc11000 	C:\WINDOWS\SYSTEM32\DBGHELP.DLL
0x00007ffda3240000 - 0x00007ffda35c5000 	C:\WINDOWS\System32\combase.dll
0x00007ffda3050000 - 0x00007ffda3130000 	C:\WINDOWS\System32\OLEAUT32.dll
0x00007ffd85ad0000 - 0x00007ffd85b13000 	C:\WINDOWS\SYSTEM32\dbgcore.DLL
0x00007ffda2740000 - 0x00007ffda27d9000 	C:\WINDOWS\System32\bcryptPrimitives.dll
0x00007ffd5a4d0000 - 0x00007ffd5a4f5000 	C:\Program Files\Java\jdk-17\bin\java.dll
0x00007ffd11210000 - 0x00007ffd112e7000 	C:\Program Files\Java\jdk-17\bin\jsvml.dll
0x00007ffda4850000 - 0x00007ffda4f9d000 	C:\WINDOWS\System32\SHELL32.dll
0x00007ffda2d50000 - 0x00007ffda2ec3000 	C:\WINDOWS\System32\wintypes.dll
0x00007ffd9ffa0000 - 0x00007ffda0800000 	C:\WINDOWS\SYSTEM32\windows.storage.dll
0x00007ffda3140000 - 0x00007ffda3235000 	C:\WINDOWS\System32\SHCORE.dll
0x00007ffda5160000 - 0x00007ffda51ca000 	C:\WINDOWS\System32\shlwapi.dll
0x00007ffda2310000 - 0x00007ffda2339000 	C:\WINDOWS\SYSTEM32\profapi.dll
0x00007ffd5e170000 - 0x00007ffd5e189000 	C:\Program Files\Java\jdk-17\bin\net.dll
0x00007ffd978c0000 - 0x00007ffd979de000 	C:\WINDOWS\SYSTEM32\WINHTTP.dll
0x00007ffda1700000 - 0x00007ffda176b000 	C:\WINDOWS\system32\mswsock.dll
0x00007ffd5a490000 - 0x00007ffd5a4a6000 	C:\Program Files\Java\jdk-17\bin\nio.dll
0x00007ffd5a4b0000 - 0x00007ffd5a4c8000 	C:\Program Files\Java\jdk-17\bin\zip.dll
0x00007ffd98c00000 - 0x00007ffd98c10000 	C:\Program Files\Java\jdk-17\bin\verify.dll

dbghelp: loaded successfully - version: 4.0.5 - missing functions: none
symbol engine: initialized successfully - sym options: 0x614 - pdb path: .;C:\Program Files\Java\jdk-17\bin;C:\WINDOWS\SYSTEM32;C:\WINDOWS\WinSxS\amd64_microsoft.windows.common-controls_6595b64144ccf1df_6.0.26100.4768_none_3e0c112ce331287c;C:\Program Files\Java\jdk-17\bin\server

VM Arguments:
jvm_args: -Xmx64m -Xms64m -Dorg.gradle.appname=gradlew 
java_command: org.gradle.wrapper.GradleWrapperMain app:installDebug -PreactNativeDevServerPort=8081
java_class_path (initial): D:\Sein\Groo\android\\gradle\wrapper\gradle-wrapper.jar
Launcher Type: SUN_STANDARD

[Global flags]
     intx CICompilerCount                          = 12                                        {product} {ergonomic}
     uint ConcGCThreads                            = 3                                         {product} {ergonomic}
     uint G1ConcRefinementThreads                  = 13                                        {product} {ergonomic}
   size_t G1HeapRegionSize                         = 1048576                                   {product} {ergonomic}
    uintx GCDrainStackTargetSize                   = 64                                        {product} {ergonomic}
   size_t InitialHeapSize                          = 67108864                                  {product} {command line}
   size_t MarkStackSize                            = 4194304                                   {product} {ergonomic}
   size_t MaxHeapSize                              = 67108864                                  {product} {command line}
   size_t MaxNewSize                               = 39845888                                  {product} {ergonomic}
   size_t MinHeapDeltaBytes                        = 1048576                                   {product} {ergonomic}
   size_t MinHeapSize                              = 67108864                                  {product} {command line}
    uintx NonNMethodCodeHeapSize                   = 7602480                                {pd product} {ergonomic}
    uintx NonProfiledCodeHeapSize                  = 122027880                              {pd product} {ergonomic}
    uintx ProfiledCodeHeapSize                     = 122027880                              {pd product} {ergonomic}
    uintx ReservedCodeCacheSize                    = 251658240                              {pd product} {ergonomic}
     bool SegmentedCodeCache                       = true                                      {product} {ergonomic}
   size_t SoftMaxHeapSize                          = 67108864                               {manageable} {ergonomic}
     bool UseCompressedClassPointers               = true                           {product lp64_product} {ergonomic}
     bool UseCompressedOops                        = true                           {product lp64_product} {ergonomic}
     bool UseG1GC                                  = true                                      {product} {ergonomic}
     bool UseLargePagesIndividualAllocation        = false                                  {pd product} {ergonomic}

Logging:
Log output configuration:
 #0: stdout all=warning uptime,level,tags
 #1: stderr all=off uptime,level,tags

Environment Variables:
JAVA_HOME=C:\Program Files\Java\jdk-17
CLASSPATH=D:\Sein\Groo\android\\gradle\wrapper\gradle-wrapper.jar
PATH=D:\Sein\Groo\node_modules\.bin;D:\Sein\node_modules\.bin;D:\node_modules\.bin;C:\Program Files\nodejs\node_modules\npm\node_modules\@npmcli\run-script\lib\node-gyp-bin;C:\Program Files\Java\jdk-17\bin;C:\Program Files (x86)\VMware\VMware Workstation\bin\;C:\Program Files\Common Files\Oracle\Java\javapath;C:\Windows\system32;C:\Windows;C:\Windows\System32\Wbem;C:\Windows\System32\WindowsPowerShell\v1.0\;C:\Windows\System32\OpenSSH\;C:\Program Files (x86)\NVIDIA Corporation\PhysX\Common;C:\Program Files\NVIDIA Corporation\NVIDIA NvDLISR;C:\WINDOWS\system32;C:\WINDOWS;C:\WINDOWS\System32\Wbem;C:\WINDOWS\System32\WindowsPowerShell\v1.0\;C:\WINDOWS\System32\OpenSSH\;C:\Program Files\nodejs\;C:\Program Files\Git\cmd;D:\flutter\bin;D:\Android_Sdk\platform-tools;D:\Android_Sdk\emulator;D:\Android_Sdk\build-tools;D:\Android_Sdk\tools;C:\Users\HOME\AppData\Local\jdk-11.0.2\bin;C:\Users\HOME\AppData\Local\Programs\Python\Python311\Scripts\;C:\Users\HOME\AppData\Local\Programs\Python\Python311\;C:\Users\HOME\AppData\Local\Microsoft\WindowsApps;;C:\Users\HOME\AppData\Local\Programs\Microsoft VS Code\bin;C:\Users\HOME\AppData\Roaming\npm;c:\Users\HOME\.vscode\extensions\ms-python.debugpy-2025.6.0-win32-x64\bundled\scripts\noConfigScripts
USERNAME=HOME
LANG=en_US.UTF-8
OS=Windows_NT
PROCESSOR_IDENTIFIER=Intel64 Family 6 Model 154 Stepping 3, GenuineIntel



---------------  S Y S T E M  ---------------

OS:
 Windows 11 , 64 bit Build 26100 (10.0.26100.4768)
OS uptime: 0 days 3:41 hours
Hyper-V role detected

CPU: total 16 (initial active 16) (8 cores per cpu, 2 threads per core) family 6 model 154 stepping 3 microcode 0x41e, cx8, cmov, fxsr, ht, mmx, 3dnowpref, sse, sse2, sse3, ssse3, sse4.1, sse4.2, popcnt, lzcnt, tsc, tscinvbit, avx, avx2, aes, erms, clmul, bmi1, bmi2, adx, sha, fma, vzeroupper, clflush, clflushopt, clwb, hv

Memory: 4k page, system-wide physical 16068M (1571M free)
TotalPageFile size 44038M (AvailPageFile size 7M)
current process WorkingSet (physical memory assigned to process): 84M, peak: 85M
current process commit charge ("private bytes"): 171M, peak: 173M

vm_info: Java HotSpot(TM) 64-Bit Server VM (17.0.15+9-LTS-241) for windows-amd64 JRE (17.0.15+9-LTS-241), built on Feb 20 2025 10:49:54 by "mach5one" with MS VC++ 17.6 (VS2022)

END.
